[*] Run ID 0: seed=0, split_index=0
    Starting now: 2024-06-16 11:35:43.997828
[*] Loaded dataset 'peptides-functional' from 'OGB':
  Data(edge_index=[2, 4773974], edge_attr=[4773974, 3], x=[2344859, 9], y=[15535, 10])
  undirected: True
  num graphs: 15535
  avg num_nodes/graph: 150
  num node features: 9
  num edge features: 3
  num classes: 10
Precomputing Positional Encoding statistics: ['LapPE'] for all graphs...
  ...estimated to be undirected: True
Done! Took 00:00:50.89
GraphGymModule(
  (model): SANTransformer(
    (encoder): FeatureEncoder(
      (node_encoder): Concat2NodeEncoder(
        (encoder1): AtomEncoder(
          (atom_embedding_list): ModuleList(
            (0): Embedding(119, 68)
            (1): Embedding(5, 68)
            (2-3): 2 x Embedding(12, 68)
            (4): Embedding(10, 68)
            (5-6): 2 x Embedding(6, 68)
            (7-8): 2 x Embedding(2, 68)
          )
        )
        (encoder2): LapPENodeEncoder(
          (linear_A): Linear(in_features=2, out_features=16, bias=True)
          (pe_encoder): TransformerEncoder(
            (layers): ModuleList(
              (0-1): 2 x TransformerEncoderLayer(
                (self_attn): MultiheadAttention(
                  (out_proj): NonDynamicallyQuantizableLinear(in_features=16, out_features=16, bias=True)
                )
                (linear1): Linear(in_features=16, out_features=2048, bias=True)
                (dropout): Dropout(p=0.1, inplace=False)
                (linear2): Linear(in_features=2048, out_features=16, bias=True)
                (norm1): LayerNorm((16,), eps=1e-05, elementwise_affine=True)
                (norm2): LayerNorm((16,), eps=1e-05, elementwise_affine=True)
                (dropout1): Dropout(p=0.1, inplace=False)
                (dropout2): Dropout(p=0.1, inplace=False)
              )
            )
          )
        )
      )
      (edge_encoder): BondEncoder(
        (bond_embedding_list): ModuleList(
          (0): Embedding(5, 84)
          (1): Embedding(6, 84)
          (2): Embedding(2, 84)
        )
      )
    )
    (trf_layers): Sequential(
      (0): SANLayer(in_channels=84, out_channels=84, heads=4, residual=True)
      (1): SANLayer(in_channels=84, out_channels=84, heads=4, residual=True)
      (2): SANLayer(in_channels=84, out_channels=84, heads=4, residual=True)
      (3): SANLayer(in_channels=84, out_channels=84, heads=4, residual=True)
    )
    (post_mp): GNNGraphHead(
      (layer_post_mp): MLP(
        (model): Sequential(
          (0): Linear(
            (model): Linear(84, 10, bias=True)
          )
        )
      )
    )
  )
)
accelerator: cuda
benchmark: False
bn:
  eps: 1e-05
  mom: 0.1
cfg_dest: config.yaml
custom_metrics: []
dataset:
  cache_load: False
  cache_save: False
  dir: ./datasets
  edge_dim: 128
  edge_encoder: True
  edge_encoder_bn: False
  edge_encoder_name: Bond
  edge_encoder_num_types: 0
  edge_message_ratio: 0.8
  edge_negative_sampling_ratio: 1.0
  edge_train_mode: all
  encoder: True
  encoder_bn: True
  encoder_dim: 128
  encoder_name: db
  format: OGB
  label_column: none
  label_table: none
  location: local
  name: peptides-functional
  node_encoder: True
  node_encoder_bn: False
  node_encoder_name: Atom+LapPE
  node_encoder_num_types: 0
  remove_feature: False
  resample_disjoint: False
  resample_negative: False
  shuffle_split: True
  slic_compactness: 10
  split: [0.8, 0.1, 0.1]
  split_dir: ./splits
  split_index: 0
  split_mode: standard
  task: graph
  task_type: classification_multilabel
  to_undirected: False
  transductive: False
  transform: none
  tu_simple: True
device: cuda
devices: 1
example_arg: example
example_group:
  example_arg: example
gnn:
  act: relu
  agg: add
  att_final_linear: False
  att_final_linear_bn: False
  att_heads: 1
  batchnorm: True
  clear_feature: True
  dim_inner: 84
  dropout: 0.0
  head: graph
  keep_edge: 0.5
  l2norm: True
  layer_type: generalconv
  layers_mp: 2
  layers_post_mp: 1
  layers_pre_mp: 0
  msg_direction: single
  normalize_adj: False
  residual: False
  self_msg: concat
  skip_every: 1
  stage_type: stack
gpu_mem: False
gt:
  attn_dropout: 0.0
  batch_norm: True
  bigbird:
    add_cross_attention: False
    attention_type: block_sparse
    block_size: 3
    chunk_size_feed_forward: 0
    hidden_act: relu
    is_decoder: False
    layer_norm_eps: 1e-06
    max_position_embeddings: 128
    num_random_blocks: 3
    use_bias: False
  dim_hidden: 84
  dropout: 0.0
  full_graph: True
  gamma: 1e-06
  layer_norm: False
  layer_type: SANLayer
  layers: 4
  n_heads: 4
  pna_degrees: []
  residual: True
mem:
  inplace: False
metric_agg: argmax
metric_best: ap
model:
  edge_decoding: dot
  graph_pooling: mean
  loss_fun: cross_entropy
  match_upper: True
  size_average: mean
  thresh: 0.5
  type: SANTransformer
name_tag: 
num_threads: 6
num_workers: 0
optim:
  base_lr: 0.0003
  batch_accumulation: 4
  clip_grad_norm: False
  lr_decay: 0.1
  max_epoch: 100
  min_lr: 1e-05
  momentum: 0.9
  num_warmup_epochs: 50
  optimizer: adamW
  reduce_factor: 0.5
  schedule_patience: 20
  scheduler: reduce_on_plateau
  steps: [30, 60, 90]
  weight_decay: 0.0
out_dir: results/peptides-func-SAN
posenc_ElstaticSE:
  dim_pe: 16
  enable: False
  kernel:
    times: []
    times_func: range(10)
  layers: 3
  model: none
  n_heads: 4
  pass_as_var: False
  post_layers: 0
  raw_norm_type: none
posenc_EquivStableLapPE:
  eigen:
    eigvec_norm: L2
    laplacian_norm: sym
    max_freqs: 10
  enable: False
  raw_norm_type: none
posenc_HKdiagSE:
  dim_pe: 16
  enable: False
  kernel:
    times: []
    times_func: 
  layers: 3
  model: none
  n_heads: 4
  pass_as_var: False
  post_layers: 0
  raw_norm_type: none
posenc_LapPE:
  dim_pe: 16
  eigen:
    eigvec_norm: L2
    laplacian_norm: sym
    max_freqs: 10
  enable: True
  layers: 2
  model: Transformer
  n_heads: 4
  pass_as_var: False
  post_layers: 0
  raw_norm_type: none
posenc_LapPEVec:
  dim_pe: 16
  eigen:
    eigvec_norm: L2
    laplacian_norm: sym
    max_freqs: 10
  enable: False
  layers: 3
  model: none
  n_heads: 4
  pass_as_var: False
  post_layers: 0
  raw_norm_type: none
posenc_RWSE:
  dim_pe: 16
  enable: False
  kernel:
    times: []
    times_func: 
  layers: 3
  model: none
  n_heads: 4
  pass_as_var: False
  post_layers: 0
  raw_norm_type: none
posenc_SignNet:
  dim_pe: 16
  eigen:
    eigvec_norm: L2
    laplacian_norm: sym
    max_freqs: 10
  enable: False
  layers: 3
  model: none
  n_heads: 4
  pass_as_var: False
  phi_hidden_dim: 64
  phi_out_dim: 4
  post_layers: 0
  raw_norm_type: none
print: both
round: 5
run_dir: results/peptides-func-SAN/0
run_id: 0
run_multiple_splits: []
seed: 0
share:
  dim_in: 9
  dim_out: 10
  num_splits: 3
tensorboard_agg: True
tensorboard_each_run: False
train:
  auto_resume: False
  batch_size: 32
  ckpt_clean: True
  ckpt_period: 100
  enable_ckpt: True
  epoch_resume: -1
  eval_period: 1
  finetune: 
  freeze_pretrained: False
  iter_per_epoch: 32
  mode: custom
  neighbor_sizes: [20, 15, 10, 5]
  node_per_graph: 32
  radius: extend
  sample_node: False
  sampler: full_batch
  skip_train_eval: False
  walk_length: 4
val:
  node_per_graph: 32
  radius: extend
  sample_node: False
  sampler: full_batch
view_emb: False
wandb:
  entity: kludge
  name: 
  project: peptides-func
  use: False
Num parameters: 492786
Start from epoch 0
train: {'epoch': 0, 'time_epoch': 108.45864, 'eta': 10737.40523, 'eta_hours': 2.98261, 'loss': 0.60252557, 'lr': nan, 'params': 492786, 'time_iter': 0.319, 'accuracy': 0.16463, 'ap': 0.24698, 'auc': 0.59494, 'trivial_loss': 0.7515541284160847}
...computing epoch stats took: 0.08s
val: {'epoch': 0, 'time_epoch': 12.69254, 'loss': 0.45161679, 'lr': 0, 'params': 492786, 'time_iter': 0.17387, 'accuracy': 0.16482, 'ap': 0.30208, 'auc': 0.67991}
...computing epoch stats took: 0.06s
test: {'epoch': 0, 'time_epoch': 12.50777, 'loss': 0.45311704, 'lr': 0, 'params': 492786, 'time_iter': 0.17134, 'accuracy': 0.16465, 'ap': 0.29742, 'auc': 0.6786}
...computing epoch stats took: 0.04s
> Epoch 0: took 133.9s (avg 133.9s) | Best so far: epoch 0	train_loss: 0.6025 train_ap: 0.2470	val_loss: 0.4516 val_ap: 0.3021	test_loss: 0.4531 test_ap: 0.2974
train: {'epoch': 1, 'time_epoch': 105.60013, 'eta': 10488.87955, 'eta_hours': 2.91358, 'loss': 0.560776, 'lr': nan, 'params': 492786, 'time_iter': 0.31059, 'accuracy': 0.16463, 'ap': 0.26711, 'auc': 0.63267, 'trivial_loss': 0.7515809620785141}
...computing epoch stats took: 0.04s
val: {'epoch': 1, 'time_epoch': 12.07556, 'loss': 2.26283223, 'lr': 0, 'params': 492786, 'time_iter': 0.16542, 'accuracy': 0.16482, 'ap': 0.2121, 'auc': 0.55876}
...computing epoch stats took: 0.03s
test: {'epoch': 1, 'time_epoch': 12.11081, 'loss': 2.24754324, 'lr': 0, 'params': 492786, 'time_iter': 0.1659, 'accuracy': 0.16465, 'ap': 0.21106, 'auc': 0.56415}
...computing epoch stats took: 0.03s
> Epoch 1: took 129.9s (avg 131.9s) | Best so far: epoch 0	train_loss: 0.6025 train_ap: 0.2470	val_loss: 0.4516 val_ap: 0.3021	test_loss: 0.4531 test_ap: 0.2974
train: {'epoch': 2, 'time_epoch': 105.23663, 'eta': 10323.88433, 'eta_hours': 2.86775, 'loss': 0.50810401, 'lr': nan, 'params': 492786, 'time_iter': 0.30952, 'accuracy': 0.16463, 'ap': 0.2878, 'auc': 0.65584, 'trivial_loss': 0.751565363625753}
...computing epoch stats took: 0.04s
val: {'epoch': 2, 'time_epoch': 12.21329, 'loss': 1.472218, 'lr': 0, 'params': 492786, 'time_iter': 0.16731, 'accuracy': 0.16482, 'ap': 0.22306, 'auc': 0.58034}
...computing epoch stats took: 0.03s
test: {'epoch': 2, 'time_epoch': 12.23958, 'loss': 1.46270065, 'lr': 0, 'params': 492786, 'time_iter': 0.16767, 'accuracy': 0.16465, 'ap': 0.22266, 'auc': 0.5867}
...computing epoch stats took: 0.03s
> Epoch 2: took 129.8s (avg 131.2s) | Best so far: epoch 0	train_loss: 0.6025 train_ap: 0.2470	val_loss: 0.4516 val_ap: 0.3021	test_loss: 0.4531 test_ap: 0.2974
train: {'epoch': 3, 'time_epoch': 105.10282, 'eta': 10185.55709, 'eta_hours': 2.82932, 'loss': 0.4376423, 'lr': nan, 'params': 492786, 'time_iter': 0.30913, 'accuracy': 0.16463, 'ap': 0.31131, 'auc': 0.68181, 'trivial_loss': 0.7515617289594024}
val: {'epoch': 3, 'time_epoch': 12.17977, 'loss': 0.46140978, 'lr': 0, 'params': 492786, 'time_iter': 0.16685, 'accuracy': 0.16482, 'ap': 0.32036, 'auc': 0.68414}
test: {'epoch': 3, 'time_epoch': 12.23004, 'loss': 0.46317173, 'lr': 0, 'params': 492786, 'time_iter': 0.16753, 'accuracy': 0.16465, 'ap': 0.31302, 'auc': 0.68897}
> Epoch 3: took 129.6s (avg 130.8s) | Best so far: epoch 3	train_loss: 0.4376 train_ap: 0.3113	val_loss: 0.4614 val_ap: 0.3204	test_loss: 0.4632 test_ap: 0.3130
train: {'epoch': 4, 'time_epoch': 105.10555, 'eta': 10060.57146, 'eta_hours': 2.7946, 'loss': 0.37121375, 'lr': nan, 'params': 492786, 'time_iter': 0.30913, 'accuracy': 0.16463, 'ap': 0.33876, 'auc': 0.71483, 'trivial_loss': 0.7515479697317644}
val: {'epoch': 4, 'time_epoch': 12.18091, 'loss': 0.41878998, 'lr': 0, 'params': 492786, 'time_iter': 0.16686, 'accuracy': 0.16482, 'ap': 0.33906, 'auc': 0.69856}
test: {'epoch': 4, 'time_epoch': 12.22992, 'loss': 0.42056333, 'lr': 0, 'params': 492786, 'time_iter': 0.16753, 'accuracy': 0.16465, 'ap': 0.32921, 'auc': 0.70227}
> Epoch 4: took 129.6s (avg 130.6s) | Best so far: epoch 4	train_loss: 0.3712 train_ap: 0.3388	val_loss: 0.4188 val_ap: 0.3391	test_loss: 0.4206 test_ap: 0.3292
train: {'epoch': 5, 'time_epoch': 105.12864, 'eta': 9942.57433, 'eta_hours': 2.76183, 'loss': 0.32624828, 'lr': nan, 'params': 492786, 'time_iter': 0.3092, 'accuracy': 0.16463, 'ap': 0.36975, 'auc': 0.74768, 'trivial_loss': 0.7515218403009815}
val: {'epoch': 5, 'time_epoch': 12.17389, 'loss': 0.40022086, 'lr': 0, 'params': 492786, 'time_iter': 0.16677, 'accuracy': 0.16482, 'ap': 0.34008, 'auc': 0.71245}
test: {'epoch': 5, 'time_epoch': 12.25262, 'loss': 0.40212045, 'lr': 0, 'params': 492786, 'time_iter': 0.16784, 'accuracy': 0.16465, 'ap': 0.33006, 'auc': 0.71616}
> Epoch 5: took 129.7s (avg 130.4s) | Best so far: epoch 5	train_loss: 0.3262 train_ap: 0.3698	val_loss: 0.4002 val_ap: 0.3401	test_loss: 0.4021 test_ap: 0.3301
train: {'epoch': 6, 'time_epoch': 105.1136, 'eta': 9828.05404, 'eta_hours': 2.73002, 'loss': 0.30215634, 'lr': nan, 'params': 492786, 'time_iter': 0.30916, 'accuracy': 0.16463, 'ap': 0.39253, 'auc': 0.77456, 'trivial_loss': 0.7515699403996214}
val: {'epoch': 6, 'time_epoch': 12.18227, 'loss': 0.28979304, 'lr': 0, 'params': 492786, 'time_iter': 0.16688, 'accuracy': 0.16482, 'ap': 0.41434, 'auc': 0.79035}
test: {'epoch': 6, 'time_epoch': 12.2289, 'loss': 0.29172388, 'lr': 0, 'params': 492786, 'time_iter': 0.16752, 'accuracy': 0.16465, 'ap': 0.40335, 'auc': 0.79994}
> Epoch 6: took 129.6s (avg 130.3s) | Best so far: epoch 6	train_loss: 0.3022 train_ap: 0.3925	val_loss: 0.2898 val_ap: 0.4143	test_loss: 0.2917 test_ap: 0.4033
train: {'epoch': 7, 'time_epoch': 105.07695, 'eta': 9715.4639, 'eta_hours': 2.69874, 'loss': 0.28770406, 'lr': nan, 'params': 492786, 'time_iter': 0.30905, 'accuracy': 0.16463, 'ap': 0.41043, 'auc': 0.79337, 'trivial_loss': 0.7515444826599559}
val: {'epoch': 7, 'time_epoch': 12.18724, 'loss': 0.3199353, 'lr': 0, 'params': 492786, 'time_iter': 0.16695, 'accuracy': 0.16482, 'ap': 0.39008, 'auc': 0.77474}
test: {'epoch': 7, 'time_epoch': 12.21951, 'loss': 0.31980574, 'lr': 0, 'params': 492786, 'time_iter': 0.16739, 'accuracy': 0.16465, 'ap': 0.38623, 'auc': 0.78404}
> Epoch 7: took 129.6s (avg 130.2s) | Best so far: epoch 6	train_loss: 0.3022 train_ap: 0.3925	val_loss: 0.2898 val_ap: 0.4143	test_loss: 0.2917 test_ap: 0.4033
train: {'epoch': 8, 'time_epoch': 105.11837, 'eta': 9604.9622, 'eta_hours': 2.66805, 'loss': 0.27972811, 'lr': nan, 'params': 492786, 'time_iter': 0.30917, 'accuracy': 0.16463, 'ap': 0.42376, 'auc': 0.80257, 'trivial_loss': 0.7515625104857688}
val: {'epoch': 8, 'time_epoch': 12.16861, 'loss': 0.29962494, 'lr': 0, 'params': 492786, 'time_iter': 0.16669, 'accuracy': 0.16482, 'ap': 0.40718, 'auc': 0.77469}
test: {'epoch': 8, 'time_epoch': 12.25565, 'loss': 0.30177878, 'lr': 0, 'params': 492786, 'time_iter': 0.16789, 'accuracy': 0.16465, 'ap': 0.39821, 'auc': 0.78287}
> Epoch 8: took 129.7s (avg 130.2s) | Best so far: epoch 6	train_loss: 0.3022 train_ap: 0.3925	val_loss: 0.2898 val_ap: 0.4143	test_loss: 0.2917 test_ap: 0.4033
train: {'epoch': 9, 'time_epoch': 105.06573, 'eta': 9495.06338, 'eta_hours': 2.63752, 'loss': 0.27485822, 'lr': nan, 'params': 492786, 'time_iter': 0.30902, 'accuracy': 0.16463, 'ap': 0.43037, 'auc': 0.80849, 'trivial_loss': 0.7515400372706659}
val: {'epoch': 9, 'time_epoch': 12.18453, 'loss': 1.02709382, 'lr': 0, 'params': 492786, 'time_iter': 0.16691, 'accuracy': 0.16482, 'ap': 0.31616, 'auc': 0.67559}
test: {'epoch': 9, 'time_epoch': 12.2617, 'loss': 1.00740122, 'lr': 0, 'params': 492786, 'time_iter': 0.16797, 'accuracy': 0.16465, 'ap': 0.32503, 'auc': 0.69206}
> Epoch 9: took 129.6s (avg 130.1s) | Best so far: epoch 6	train_loss: 0.3022 train_ap: 0.3925	val_loss: 0.2898 val_ap: 0.4143	test_loss: 0.2917 test_ap: 0.4033
train: {'epoch': 10, 'time_epoch': 105.29724, 'eta': 9387.91644, 'eta_hours': 2.60775, 'loss': 0.26994529, 'lr': nan, 'params': 492786, 'time_iter': 0.3097, 'accuracy': 0.16463, 'ap': 0.44057, 'auc': 0.81645, 'trivial_loss': 0.7515380091504034}
val: {'epoch': 10, 'time_epoch': 12.21725, 'loss': 0.31428893, 'lr': 0, 'params': 492786, 'time_iter': 0.16736, 'accuracy': 0.16482, 'ap': 0.41495, 'auc': 0.79199}
test: {'epoch': 10, 'time_epoch': 12.22823, 'loss': 0.3120872, 'lr': 0, 'params': 492786, 'time_iter': 0.16751, 'accuracy': 0.16465, 'ap': 0.41543, 'auc': 0.80673}
> Epoch 10: took 129.9s (avg 130.1s) | Best so far: epoch 10	train_loss: 0.2699 train_ap: 0.4406	val_loss: 0.3143 val_ap: 0.4149	test_loss: 0.3121 test_ap: 0.4154
train: {'epoch': 11, 'time_epoch': 105.1252, 'eta': 9279.81618, 'eta_hours': 2.57773, 'loss': 0.2644494, 'lr': nan, 'params': 492786, 'time_iter': 0.30919, 'accuracy': 0.16463, 'ap': 0.45154, 'auc': 0.82425, 'trivial_loss': 0.7515456016791905}
val: {'epoch': 11, 'time_epoch': 12.16428, 'loss': 0.26674654, 'lr': 0, 'params': 492786, 'time_iter': 0.16663, 'accuracy': 0.16482, 'ap': 0.45683, 'auc': 0.82463}
test: {'epoch': 11, 'time_epoch': 12.24599, 'loss': 0.2695054, 'lr': 0, 'params': 492786, 'time_iter': 0.16775, 'accuracy': 0.16465, 'ap': 0.4476, 'auc': 0.82629}
> Epoch 11: took 129.7s (avg 130.0s) | Best so far: epoch 11	train_loss: 0.2644 train_ap: 0.4515	val_loss: 0.2667 val_ap: 0.4568	test_loss: 0.2695 test_ap: 0.4476
train: {'epoch': 12, 'time_epoch': 105.0995, 'eta': 9172.00165, 'eta_hours': 2.54778, 'loss': 0.26182083, 'lr': nan, 'params': 492786, 'time_iter': 0.30912, 'accuracy': 0.16463, 'ap': 0.45778, 'auc': 0.82534, 'trivial_loss': 0.751561452951469}
val: {'epoch': 12, 'time_epoch': 12.17967, 'loss': 0.43866732, 'lr': 0, 'params': 492786, 'time_iter': 0.16684, 'accuracy': 0.16482, 'ap': 0.37014, 'auc': 0.73953}
test: {'epoch': 12, 'time_epoch': 12.25583, 'loss': 0.42913834, 'lr': 0, 'params': 492786, 'time_iter': 0.16789, 'accuracy': 0.16465, 'ap': 0.36881, 'auc': 0.74155}
> Epoch 12: took 129.7s (avg 130.0s) | Best so far: epoch 11	train_loss: 0.2644 train_ap: 0.4515	val_loss: 0.2667 val_ap: 0.4568	test_loss: 0.2695 test_ap: 0.4476
train: {'epoch': 13, 'time_epoch': 105.09344, 'eta': 9064.53771, 'eta_hours': 2.51793, 'loss': 0.25855636, 'lr': nan, 'params': 492786, 'time_iter': 0.3091, 'accuracy': 0.16463, 'ap': 0.46454, 'auc': 0.83192, 'trivial_loss': 0.7515597787368684}
val: {'epoch': 13, 'time_epoch': 12.19414, 'loss': 0.26601385, 'lr': 0, 'params': 492786, 'time_iter': 0.16704, 'accuracy': 0.16482, 'ap': 0.4554, 'auc': 0.82495}
test: {'epoch': 13, 'time_epoch': 12.2159, 'loss': 0.26841714, 'lr': 0, 'params': 492786, 'time_iter': 0.16734, 'accuracy': 0.16465, 'ap': 0.45012, 'auc': 0.82093}
> Epoch 13: took 129.6s (avg 130.0s) | Best so far: epoch 11	train_loss: 0.2644 train_ap: 0.4515	val_loss: 0.2667 val_ap: 0.4568	test_loss: 0.2695 test_ap: 0.4476
train: {'epoch': 14, 'time_epoch': 105.0657, 'eta': 8957.23268, 'eta_hours': 2.48812, 'loss': 0.25364032, 'lr': nan, 'params': 492786, 'time_iter': 0.30902, 'accuracy': 0.16463, 'ap': 0.47735, 'auc': 0.83708, 'trivial_loss': 0.7515423679915345}
val: {'epoch': 14, 'time_epoch': 12.16352, 'loss': 0.25817634, 'lr': 0, 'params': 492786, 'time_iter': 0.16662, 'accuracy': 0.16482, 'ap': 0.47744, 'auc': 0.83578}
test: {'epoch': 14, 'time_epoch': 12.24207, 'loss': 0.26081459, 'lr': 0, 'params': 492786, 'time_iter': 0.1677, 'accuracy': 0.16465, 'ap': 0.46592, 'auc': 0.83686}
> Epoch 14: took 129.6s (avg 130.0s) | Best so far: epoch 14	train_loss: 0.2536 train_ap: 0.4773	val_loss: 0.2582 val_ap: 0.4774	test_loss: 0.2608 test_ap: 0.4659
train: {'epoch': 15, 'time_epoch': 105.07985, 'eta': 8850.28182, 'eta_hours': 2.45841, 'loss': 0.25282675, 'lr': nan, 'params': 492786, 'time_iter': 0.30906, 'accuracy': 0.16463, 'ap': 0.47407, 'auc': 0.83752, 'trivial_loss': 0.7515503067458487}
val: {'epoch': 15, 'time_epoch': 12.17843, 'loss': 0.25488023, 'lr': 0, 'params': 492786, 'time_iter': 0.16683, 'accuracy': 0.16482, 'ap': 0.47775, 'auc': 0.84043}
test: {'epoch': 15, 'time_epoch': 12.22121, 'loss': 0.26026626, 'lr': 0, 'params': 492786, 'time_iter': 0.16741, 'accuracy': 0.16465, 'ap': 0.4614, 'auc': 0.83401}
> Epoch 15: took 129.6s (avg 129.9s) | Best so far: epoch 15	train_loss: 0.2528 train_ap: 0.4741	val_loss: 0.2549 val_ap: 0.4778	test_loss: 0.2603 test_ap: 0.4614
train: {'epoch': 16, 'time_epoch': 105.3749, 'eta': 8744.99166, 'eta_hours': 2.42916, 'loss': 0.24918537, 'lr': nan, 'params': 492786, 'time_iter': 0.30993, 'accuracy': 0.16463, 'ap': 0.48309, 'auc': 0.84201, 'trivial_loss': 0.7515664508280688}
val: {'epoch': 16, 'time_epoch': 12.18483, 'loss': 0.25755593, 'lr': 0, 'params': 492786, 'time_iter': 0.16692, 'accuracy': 0.16482, 'ap': 0.47255, 'auc': 0.82902}
test: {'epoch': 16, 'time_epoch': 12.21652, 'loss': 0.26162327, 'lr': 0, 'params': 492786, 'time_iter': 0.16735, 'accuracy': 0.16465, 'ap': 0.46144, 'auc': 0.82566}
> Epoch 16: took 129.9s (avg 129.9s) | Best so far: epoch 15	train_loss: 0.2528 train_ap: 0.4741	val_loss: 0.2549 val_ap: 0.4778	test_loss: 0.2603 test_ap: 0.4614
train: {'epoch': 17, 'time_epoch': 105.08699, 'eta': 8638.38048, 'eta_hours': 2.39955, 'loss': 0.24747501, 'lr': nan, 'params': 492786, 'time_iter': 0.30908, 'accuracy': 0.16463, 'ap': 0.48411, 'auc': 0.84486, 'trivial_loss': 0.751564378178373}
val: {'epoch': 17, 'time_epoch': 12.17136, 'loss': 0.25982265, 'lr': 0, 'params': 492786, 'time_iter': 0.16673, 'accuracy': 0.16482, 'ap': 0.46911, 'auc': 0.83232}
test: {'epoch': 17, 'time_epoch': 12.27426, 'loss': 0.26439997, 'lr': 0, 'params': 492786, 'time_iter': 0.16814, 'accuracy': 0.16465, 'ap': 0.45796, 'auc': 0.82989}
> Epoch 17: took 129.7s (avg 129.9s) | Best so far: epoch 15	train_loss: 0.2528 train_ap: 0.4741	val_loss: 0.2549 val_ap: 0.4778	test_loss: 0.2603 test_ap: 0.4614
train: {'epoch': 18, 'time_epoch': 105.10606, 'eta': 8532.01104, 'eta_hours': 2.37, 'loss': 0.24580856, 'lr': nan, 'params': 492786, 'time_iter': 0.30914, 'accuracy': 0.16463, 'ap': 0.49168, 'auc': 0.84586, 'trivial_loss': 0.7515670012925593}
val: {'epoch': 18, 'time_epoch': 12.20249, 'loss': 0.26876619, 'lr': 0, 'params': 492786, 'time_iter': 0.16716, 'accuracy': 0.16482, 'ap': 0.46602, 'auc': 0.82837}
test: {'epoch': 18, 'time_epoch': 12.24821, 'loss': 0.27057268, 'lr': 0, 'params': 492786, 'time_iter': 0.16778, 'accuracy': 0.16465, 'ap': 0.45395, 'auc': 0.8244}
> Epoch 18: took 129.7s (avg 129.9s) | Best so far: epoch 15	train_loss: 0.2528 train_ap: 0.4741	val_loss: 0.2549 val_ap: 0.4778	test_loss: 0.2603 test_ap: 0.4614
train: {'epoch': 19, 'time_epoch': 105.04395, 'eta': 8425.5195, 'eta_hours': 2.34042, 'loss': 0.2433916, 'lr': nan, 'params': 492786, 'time_iter': 0.30895, 'accuracy': 0.16463, 'ap': 0.49702, 'auc': 0.85052, 'trivial_loss': 0.7515436514182833}
val: {'epoch': 19, 'time_epoch': 12.22459, 'loss': 0.24600567, 'lr': 0, 'params': 492786, 'time_iter': 0.16746, 'accuracy': 0.16482, 'ap': 0.49375, 'auc': 0.84467}
test: {'epoch': 19, 'time_epoch': 12.21675, 'loss': 0.25251155, 'lr': 0, 'params': 492786, 'time_iter': 0.16735, 'accuracy': 0.16465, 'ap': 0.47157, 'auc': 0.83974}
> Epoch 19: took 129.6s (avg 129.9s) | Best so far: epoch 19	train_loss: 0.2434 train_ap: 0.4970	val_loss: 0.2460 val_ap: 0.4938	test_loss: 0.2525 test_ap: 0.4716
train: {'epoch': 20, 'time_epoch': 105.12034, 'eta': 8319.45317, 'eta_hours': 2.31096, 'loss': 0.24269032, 'lr': nan, 'params': 492786, 'time_iter': 0.30918, 'accuracy': 0.16463, 'ap': 0.49765, 'auc': 0.85049, 'trivial_loss': 0.7515506571979167}
val: {'epoch': 20, 'time_epoch': 12.18223, 'loss': 0.2478278, 'lr': 0, 'params': 492786, 'time_iter': 0.16688, 'accuracy': 0.16482, 'ap': 0.50133, 'auc': 0.84503}
test: {'epoch': 20, 'time_epoch': 12.2355, 'loss': 0.25288458, 'lr': 0, 'params': 492786, 'time_iter': 0.16761, 'accuracy': 0.16465, 'ap': 0.48721, 'auc': 0.84323}
> Epoch 20: took 129.7s (avg 129.9s) | Best so far: epoch 20	train_loss: 0.2427 train_ap: 0.4976	val_loss: 0.2478 val_ap: 0.5013	test_loss: 0.2529 test_ap: 0.4872
train: {'epoch': 21, 'time_epoch': 105.15356, 'eta': 8213.59065, 'eta_hours': 2.28155, 'loss': 0.23949404, 'lr': nan, 'params': 492786, 'time_iter': 0.30928, 'accuracy': 0.16463, 'ap': 0.50569, 'auc': 0.85505, 'trivial_loss': 0.7515464783657729}
val: {'epoch': 21, 'time_epoch': 12.16582, 'loss': 0.46964724, 'lr': 0, 'params': 492786, 'time_iter': 0.16666, 'accuracy': 0.16482, 'ap': 0.37429, 'auc': 0.74212}
test: {'epoch': 21, 'time_epoch': 12.24094, 'loss': 0.45813316, 'lr': 0, 'params': 492786, 'time_iter': 0.16768, 'accuracy': 0.16465, 'ap': 0.37707, 'auc': 0.7451}
> Epoch 21: took 129.7s (avg 129.9s) | Best so far: epoch 20	train_loss: 0.2427 train_ap: 0.4976	val_loss: 0.2478 val_ap: 0.5013	test_loss: 0.2529 test_ap: 0.4872
train: {'epoch': 22, 'time_epoch': 105.11958, 'eta': 8107.67602, 'eta_hours': 2.25213, 'loss': 0.24036906, 'lr': nan, 'params': 492786, 'time_iter': 0.30918, 'accuracy': 0.16463, 'ap': 0.50278, 'auc': 0.85496, 'trivial_loss': 0.7515442342643278}
val: {'epoch': 22, 'time_epoch': 12.16708, 'loss': 0.25055924, 'lr': 0, 'params': 492786, 'time_iter': 0.16667, 'accuracy': 0.16482, 'ap': 0.48168, 'auc': 0.84007}
test: {'epoch': 22, 'time_epoch': 12.20942, 'loss': 0.25553904, 'lr': 0, 'params': 492786, 'time_iter': 0.16725, 'accuracy': 0.16465, 'ap': 0.47708, 'auc': 0.8331}
> Epoch 22: took 129.6s (avg 129.9s) | Best so far: epoch 20	train_loss: 0.2427 train_ap: 0.4976	val_loss: 0.2478 val_ap: 0.5013	test_loss: 0.2529 test_ap: 0.4872
train: {'epoch': 23, 'time_epoch': 105.07751, 'eta': 8001.69439, 'eta_hours': 2.22269, 'loss': 0.2377684, 'lr': nan, 'params': 492786, 'time_iter': 0.30905, 'accuracy': 0.16463, 'ap': 0.51038, 'auc': 0.85629, 'trivial_loss': 0.7515422276385758}
val: {'epoch': 23, 'time_epoch': 12.18133, 'loss': 0.23969943, 'lr': 0, 'params': 492786, 'time_iter': 0.16687, 'accuracy': 0.16482, 'ap': 0.50925, 'auc': 0.85326}
test: {'epoch': 23, 'time_epoch': 12.23331, 'loss': 0.24586893, 'lr': 0, 'params': 492786, 'time_iter': 0.16758, 'accuracy': 0.16465, 'ap': 0.49586, 'auc': 0.85056}
> Epoch 23: took 129.6s (avg 129.9s) | Best so far: epoch 23	train_loss: 0.2378 train_ap: 0.5104	val_loss: 0.2397 val_ap: 0.5092	test_loss: 0.2459 test_ap: 0.4959
train: {'epoch': 24, 'time_epoch': 105.11218, 'eta': 7895.88913, 'eta_hours': 2.1933, 'loss': 0.23629541, 'lr': nan, 'params': 492786, 'time_iter': 0.30915, 'accuracy': 0.16463, 'ap': 0.51298, 'auc': 0.85786, 'trivial_loss': 0.7515732614632025}
val: {'epoch': 24, 'time_epoch': 12.16558, 'loss': 0.24399773, 'lr': 0, 'params': 492786, 'time_iter': 0.16665, 'accuracy': 0.16482, 'ap': 0.51323, 'auc': 0.8547}
test: {'epoch': 24, 'time_epoch': 12.27318, 'loss': 0.25141215, 'lr': 0, 'params': 492786, 'time_iter': 0.16813, 'accuracy': 0.16465, 'ap': 0.48465, 'auc': 0.84361}
> Epoch 24: took 129.7s (avg 129.8s) | Best so far: epoch 24	train_loss: 0.2363 train_ap: 0.5130	val_loss: 0.2440 val_ap: 0.5132	test_loss: 0.2514 test_ap: 0.4847
train: {'epoch': 25, 'time_epoch': 105.10892, 'eta': 7790.12789, 'eta_hours': 2.16392, 'loss': 0.23497174, 'lr': nan, 'params': 492786, 'time_iter': 0.30914, 'accuracy': 0.16463, 'ap': 0.51732, 'auc': 0.86027, 'trivial_loss': 0.7515369947531356}
val: {'epoch': 25, 'time_epoch': 12.1672, 'loss': 0.23671072, 'lr': 0, 'params': 492786, 'time_iter': 0.16667, 'accuracy': 0.16482, 'ap': 0.5178, 'auc': 0.85824}
test: {'epoch': 25, 'time_epoch': 12.2413, 'loss': 0.24508041, 'lr': 0, 'params': 492786, 'time_iter': 0.16769, 'accuracy': 0.16465, 'ap': 0.48795, 'auc': 0.85308}
> Epoch 25: took 129.6s (avg 129.8s) | Best so far: epoch 25	train_loss: 0.2350 train_ap: 0.5173	val_loss: 0.2367 val_ap: 0.5178	test_loss: 0.2451 test_ap: 0.4879
train: {'epoch': 26, 'time_epoch': 105.11021, 'eta': 7684.41847, 'eta_hours': 2.13456, 'loss': 0.23306119, 'lr': nan, 'params': 492786, 'time_iter': 0.30915, 'accuracy': 0.16463, 'ap': 0.52327, 'auc': 0.86252, 'trivial_loss': 0.7515580456960522}
val: {'epoch': 26, 'time_epoch': 12.18194, 'loss': 0.28688903, 'lr': 0, 'params': 492786, 'time_iter': 0.16688, 'accuracy': 0.16482, 'ap': 0.47308, 'auc': 0.82913}
test: {'epoch': 26, 'time_epoch': 12.27209, 'loss': 0.28794678, 'lr': 0, 'params': 492786, 'time_iter': 0.16811, 'accuracy': 0.16465, 'ap': 0.45557, 'auc': 0.8251}
> Epoch 26: took 129.7s (avg 129.8s) | Best so far: epoch 25	train_loss: 0.2350 train_ap: 0.5173	val_loss: 0.2367 val_ap: 0.5178	test_loss: 0.2451 test_ap: 0.4879
train: {'epoch': 27, 'time_epoch': 105.08848, 'eta': 7578.69598, 'eta_hours': 2.10519, 'loss': 0.23069949, 'lr': nan, 'params': 492786, 'time_iter': 0.30908, 'accuracy': 0.16463, 'ap': 0.52671, 'auc': 0.86524, 'trivial_loss': 0.7515444484913041}
val: {'epoch': 27, 'time_epoch': 12.19652, 'loss': 0.24159559, 'lr': 0, 'params': 492786, 'time_iter': 0.16708, 'accuracy': 0.16482, 'ap': 0.51943, 'auc': 0.85836}
test: {'epoch': 27, 'time_epoch': 12.23847, 'loss': 0.25136043, 'lr': 0, 'params': 492786, 'time_iter': 0.16765, 'accuracy': 0.16465, 'ap': 0.4868, 'auc': 0.84774}
> Epoch 27: took 129.6s (avg 129.8s) | Best so far: epoch 27	train_loss: 0.2307 train_ap: 0.5267	val_loss: 0.2416 val_ap: 0.5194	test_loss: 0.2514 test_ap: 0.4868
train: {'epoch': 28, 'time_epoch': 105.07309, 'eta': 7472.97951, 'eta_hours': 2.07583, 'loss': 0.2305847, 'lr': nan, 'params': 492786, 'time_iter': 0.30904, 'accuracy': 0.16463, 'ap': 0.52772, 'auc': 0.86396, 'trivial_loss': 0.7515148555937526}
val: {'epoch': 28, 'time_epoch': 12.20732, 'loss': 0.23620587, 'lr': 0, 'params': 492786, 'time_iter': 0.16722, 'accuracy': 0.16482, 'ap': 0.52504, 'auc': 0.85947}
test: {'epoch': 28, 'time_epoch': 12.22081, 'loss': 0.24324265, 'lr': 0, 'params': 492786, 'time_iter': 0.16741, 'accuracy': 0.16465, 'ap': 0.49686, 'auc': 0.85212}
> Epoch 28: took 129.6s (avg 129.8s) | Best so far: epoch 28	train_loss: 0.2306 train_ap: 0.5277	val_loss: 0.2362 val_ap: 0.5250	test_loss: 0.2432 test_ap: 0.4969
train: {'epoch': 29, 'time_epoch': 105.0795, 'eta': 7367.32091, 'eta_hours': 2.04648, 'loss': 0.22978739, 'lr': nan, 'params': 492786, 'time_iter': 0.30906, 'accuracy': 0.16463, 'ap': 0.53183, 'auc': 0.86644, 'trivial_loss': 0.7515530541291137}
val: {'epoch': 29, 'time_epoch': 12.16543, 'loss': 0.23969694, 'lr': 0, 'params': 492786, 'time_iter': 0.16665, 'accuracy': 0.16482, 'ap': 0.51799, 'auc': 0.85361}
test: {'epoch': 29, 'time_epoch': 12.22746, 'loss': 0.24858466, 'lr': 0, 'params': 492786, 'time_iter': 0.1675, 'accuracy': 0.16465, 'ap': 0.49172, 'auc': 0.84449}
> Epoch 29: took 129.6s (avg 129.8s) | Best so far: epoch 28	train_loss: 0.2306 train_ap: 0.5277	val_loss: 0.2362 val_ap: 0.5250	test_loss: 0.2432 test_ap: 0.4969
train: {'epoch': 30, 'time_epoch': 105.0779, 'eta': 7261.69611, 'eta_hours': 2.01714, 'loss': 0.22776186, 'lr': nan, 'params': 492786, 'time_iter': 0.30905, 'accuracy': 0.16463, 'ap': 0.53761, 'auc': 0.86999, 'trivial_loss': 0.7515760103210972}
val: {'epoch': 30, 'time_epoch': 12.16899, 'loss': 0.42511126, 'lr': 0, 'params': 492786, 'time_iter': 0.1667, 'accuracy': 0.16482, 'ap': 0.38569, 'auc': 0.76649}
test: {'epoch': 30, 'time_epoch': 12.24598, 'loss': 0.41738455, 'lr': 0, 'params': 492786, 'time_iter': 0.16775, 'accuracy': 0.16465, 'ap': 0.37964, 'auc': 0.76728}
> Epoch 30: took 129.6s (avg 129.8s) | Best so far: epoch 28	train_loss: 0.2306 train_ap: 0.5277	val_loss: 0.2362 val_ap: 0.5250	test_loss: 0.2432 test_ap: 0.4969
train: {'epoch': 31, 'time_epoch': 105.06842, 'eta': 7156.08534, 'eta_hours': 1.9878, 'loss': 0.22694053, 'lr': nan, 'params': 492786, 'time_iter': 0.30902, 'accuracy': 0.16463, 'ap': 0.53752, 'auc': 0.86938, 'trivial_loss': 0.7515374440931083}
val: {'epoch': 31, 'time_epoch': 12.17813, 'loss': 0.23365509, 'lr': 0, 'params': 492786, 'time_iter': 0.16682, 'accuracy': 0.16482, 'ap': 0.53495, 'auc': 0.86216}
test: {'epoch': 31, 'time_epoch': 12.22652, 'loss': 0.2436544, 'lr': 0, 'params': 492786, 'time_iter': 0.16749, 'accuracy': 0.16465, 'ap': 0.5023, 'auc': 0.85575}
> Epoch 31: took 129.6s (avg 129.8s) | Best so far: epoch 31	train_loss: 0.2269 train_ap: 0.5375	val_loss: 0.2337 val_ap: 0.5350	test_loss: 0.2437 test_ap: 0.5023
train: {'epoch': 32, 'time_epoch': 105.10214, 'eta': 7050.5759, 'eta_hours': 1.95849, 'loss': 0.22475054, 'lr': nan, 'params': 492786, 'time_iter': 0.30912, 'accuracy': 0.16463, 'ap': 0.54588, 'auc': 0.87239, 'trivial_loss': 0.7515649505046609}
val: {'epoch': 32, 'time_epoch': 12.17099, 'loss': 0.24418144, 'lr': 0, 'params': 492786, 'time_iter': 0.16673, 'accuracy': 0.16482, 'ap': 0.51868, 'auc': 0.8576}
test: {'epoch': 32, 'time_epoch': 12.23364, 'loss': 0.25011559, 'lr': 0, 'params': 492786, 'time_iter': 0.16758, 'accuracy': 0.16465, 'ap': 0.49679, 'auc': 0.84857}
> Epoch 32: took 129.6s (avg 129.8s) | Best so far: epoch 31	train_loss: 0.2269 train_ap: 0.5375	val_loss: 0.2337 val_ap: 0.5350	test_loss: 0.2437 test_ap: 0.5023
train: {'epoch': 33, 'time_epoch': 105.06773, 'eta': 6945.02362, 'eta_hours': 1.92917, 'loss': 0.22513542, 'lr': nan, 'params': 492786, 'time_iter': 0.30902, 'accuracy': 0.16463, 'ap': 0.54541, 'auc': 0.87145, 'trivial_loss': 0.7515500185078073}
val: {'epoch': 33, 'time_epoch': 12.17052, 'loss': 0.2511404, 'lr': 0, 'params': 492786, 'time_iter': 0.16672, 'accuracy': 0.16482, 'ap': 0.50835, 'auc': 0.85221}
test: {'epoch': 33, 'time_epoch': 12.23673, 'loss': 0.25562816, 'lr': 0, 'params': 492786, 'time_iter': 0.16763, 'accuracy': 0.16465, 'ap': 0.49391, 'auc': 0.84712}
> Epoch 33: took 129.6s (avg 129.8s) | Best so far: epoch 31	train_loss: 0.2269 train_ap: 0.5375	val_loss: 0.2337 val_ap: 0.5350	test_loss: 0.2437 test_ap: 0.5023
train: {'epoch': 34, 'time_epoch': 104.46137, 'eta': 6838.37294, 'eta_hours': 1.89955, 'loss': 0.22362742, 'lr': nan, 'params': 492786, 'time_iter': 0.30724, 'accuracy': 0.16463, 'ap': 0.54976, 'auc': 0.87388, 'trivial_loss': 0.7515808436860268}
val: {'epoch': 34, 'time_epoch': 12.00972, 'loss': 0.26349162, 'lr': 0, 'params': 492786, 'time_iter': 0.16452, 'accuracy': 0.16482, 'ap': 0.49641, 'auc': 0.84484}
test: {'epoch': 34, 'time_epoch': 12.09441, 'loss': 0.26474379, 'lr': 0, 'params': 492786, 'time_iter': 0.16568, 'accuracy': 0.16465, 'ap': 0.48341, 'auc': 0.83701}
> Epoch 34: took 128.7s (avg 129.8s) | Best so far: epoch 31	train_loss: 0.2269 train_ap: 0.5375	val_loss: 0.2337 val_ap: 0.5350	test_loss: 0.2437 test_ap: 0.5023
train: {'epoch': 35, 'time_epoch': 104.30139, 'eta': 6731.55948, 'eta_hours': 1.86988, 'loss': 0.22297125, 'lr': nan, 'params': 492786, 'time_iter': 0.30677, 'accuracy': 0.16463, 'ap': 0.54922, 'auc': 0.87425, 'trivial_loss': 0.7515477227449834}
val: {'epoch': 35, 'time_epoch': 12.0298, 'loss': 0.40368535, 'lr': 0, 'params': 492786, 'time_iter': 0.16479, 'accuracy': 0.16482, 'ap': 0.39148, 'auc': 0.76789}
test: {'epoch': 35, 'time_epoch': 12.0932, 'loss': 0.39732104, 'lr': 0, 'params': 492786, 'time_iter': 0.16566, 'accuracy': 0.16465, 'ap': 0.38797, 'auc': 0.7672}
> Epoch 35: took 128.5s (avg 129.7s) | Best so far: epoch 31	train_loss: 0.2269 train_ap: 0.5375	val_loss: 0.2337 val_ap: 0.5350	test_loss: 0.2437 test_ap: 0.5023
train: {'epoch': 36, 'time_epoch': 104.30709, 'eta': 6624.89151, 'eta_hours': 1.84025, 'loss': 0.22137067, 'lr': nan, 'params': 492786, 'time_iter': 0.30679, 'accuracy': 0.16463, 'ap': 0.5546, 'auc': 0.87609, 'trivial_loss': 0.7515425902604509}
val: {'epoch': 36, 'time_epoch': 12.01381, 'loss': 0.28054413, 'lr': 0, 'params': 492786, 'time_iter': 0.16457, 'accuracy': 0.16482, 'ap': 0.4876, 'auc': 0.83542}
test: {'epoch': 36, 'time_epoch': 12.07792, 'loss': 0.28138421, 'lr': 0, 'params': 492786, 'time_iter': 0.16545, 'accuracy': 0.16465, 'ap': 0.47528, 'auc': 0.83443}
> Epoch 36: took 128.5s (avg 129.7s) | Best so far: epoch 31	train_loss: 0.2269 train_ap: 0.5375	val_loss: 0.2337 val_ap: 0.5350	test_loss: 0.2437 test_ap: 0.5023
train: {'epoch': 37, 'time_epoch': 104.29082, 'eta': 6518.32125, 'eta_hours': 1.81064, 'loss': 0.22131152, 'lr': nan, 'params': 492786, 'time_iter': 0.30674, 'accuracy': 0.16463, 'ap': 0.55379, 'auc': 0.87478, 'trivial_loss': 0.7515628604280207}
val: {'epoch': 37, 'time_epoch': 12.0269, 'loss': 0.22939376, 'lr': 0, 'params': 492786, 'time_iter': 0.16475, 'accuracy': 0.16482, 'ap': 0.5551, 'auc': 0.8703}
test: {'epoch': 37, 'time_epoch': 12.07248, 'loss': 0.23916241, 'lr': 0, 'params': 492786, 'time_iter': 0.16538, 'accuracy': 0.16465, 'ap': 0.51698, 'auc': 0.85712}
> Epoch 37: took 128.5s (avg 129.7s) | Best so far: epoch 37	train_loss: 0.2213 train_ap: 0.5538	val_loss: 0.2294 val_ap: 0.5551	test_loss: 0.2392 test_ap: 0.5170
train: {'epoch': 38, 'time_epoch': 104.30045, 'eta': 6411.88294, 'eta_hours': 1.78108, 'loss': 0.22185912, 'lr': nan, 'params': 492786, 'time_iter': 0.30677, 'accuracy': 0.16463, 'ap': 0.55541, 'auc': 0.87529, 'trivial_loss': 0.751551613328122}
val: {'epoch': 38, 'time_epoch': 12.04106, 'loss': 0.22560402, 'lr': 0, 'params': 492786, 'time_iter': 0.16495, 'accuracy': 0.16482, 'ap': 0.55376, 'auc': 0.87312}
test: {'epoch': 38, 'time_epoch': 12.06863, 'loss': 0.2359591, 'lr': 0, 'params': 492786, 'time_iter': 0.16532, 'accuracy': 0.16465, 'ap': 0.51301, 'auc': 0.86331}
> Epoch 38: took 128.5s (avg 129.6s) | Best so far: epoch 37	train_loss: 0.2213 train_ap: 0.5538	val_loss: 0.2294 val_ap: 0.5551	test_loss: 0.2392 test_ap: 0.5170
train: {'epoch': 39, 'time_epoch': 104.29749, 'eta': 6305.54709, 'eta_hours': 1.75154, 'loss': 0.21915415, 'lr': nan, 'params': 492786, 'time_iter': 0.30676, 'accuracy': 0.16463, 'ap': 0.56148, 'auc': 0.87935, 'trivial_loss': 0.7515415775844981}
val: {'epoch': 39, 'time_epoch': 12.00437, 'loss': 0.25929776, 'lr': 0, 'params': 492786, 'time_iter': 0.16444, 'accuracy': 0.16482, 'ap': 0.50006, 'auc': 0.84223}
test: {'epoch': 39, 'time_epoch': 12.067, 'loss': 0.26186739, 'lr': 0, 'params': 492786, 'time_iter': 0.1653, 'accuracy': 0.16465, 'ap': 0.48037, 'auc': 0.83461}
> Epoch 39: took 128.5s (avg 129.6s) | Best so far: epoch 37	train_loss: 0.2213 train_ap: 0.5538	val_loss: 0.2294 val_ap: 0.5551	test_loss: 0.2392 test_ap: 0.5170
train: {'epoch': 40, 'time_epoch': 104.3206, 'eta': 6199.34392, 'eta_hours': 1.72204, 'loss': 0.21787674, 'lr': nan, 'params': 492786, 'time_iter': 0.30683, 'accuracy': 0.16463, 'ap': 0.56765, 'auc': 0.87966, 'trivial_loss': 0.7515520209563553}
val: {'epoch': 40, 'time_epoch': 11.99657, 'loss': 0.22532072, 'lr': 0, 'params': 492786, 'time_iter': 0.16434, 'accuracy': 0.16482, 'ap': 0.5465, 'auc': 0.87118}
test: {'epoch': 40, 'time_epoch': 12.07462, 'loss': 0.23422737, 'lr': 0, 'params': 492786, 'time_iter': 0.16541, 'accuracy': 0.16465, 'ap': 0.51932, 'auc': 0.86405}
> Epoch 40: took 128.5s (avg 129.6s) | Best so far: epoch 37	train_loss: 0.2213 train_ap: 0.5538	val_loss: 0.2294 val_ap: 0.5551	test_loss: 0.2392 test_ap: 0.5170
train: {'epoch': 41, 'time_epoch': 104.51231, 'eta': 6093.49513, 'eta_hours': 1.69264, 'loss': 0.21737364, 'lr': nan, 'params': 492786, 'time_iter': 0.30739, 'accuracy': 0.16463, 'ap': 0.56391, 'auc': 0.87966, 'trivial_loss': 0.7515768360096101}
val: {'epoch': 41, 'time_epoch': 12.17448, 'loss': 0.23457972, 'lr': 0, 'params': 492786, 'time_iter': 0.16677, 'accuracy': 0.16482, 'ap': 0.5316, 'auc': 0.86276}
test: {'epoch': 41, 'time_epoch': 12.22345, 'loss': 0.24214333, 'lr': 0, 'params': 492786, 'time_iter': 0.16744, 'accuracy': 0.16465, 'ap': 0.50897, 'auc': 0.85888}
> Epoch 41: took 129.0s (avg 129.6s) | Best so far: epoch 37	train_loss: 0.2213 train_ap: 0.5538	val_loss: 0.2294 val_ap: 0.5551	test_loss: 0.2392 test_ap: 0.5170
train: {'epoch': 42, 'time_epoch': 105.09586, 'eta': 5988.48206, 'eta_hours': 1.66347, 'loss': 0.21587987, 'lr': nan, 'params': 492786, 'time_iter': 0.30911, 'accuracy': 0.16463, 'ap': 0.57269, 'auc': 0.88269, 'trivial_loss': 0.7515799901385234}
val: {'epoch': 42, 'time_epoch': 12.17758, 'loss': 0.23768681, 'lr': 0, 'params': 492786, 'time_iter': 0.16682, 'accuracy': 0.16482, 'ap': 0.54166, 'auc': 0.86358}
test: {'epoch': 42, 'time_epoch': 12.2318, 'loss': 0.24823324, 'lr': 0, 'params': 492786, 'time_iter': 0.16756, 'accuracy': 0.16465, 'ap': 0.512, 'auc': 0.85448}
> Epoch 42: took 129.6s (avg 129.6s) | Best so far: epoch 37	train_loss: 0.2213 train_ap: 0.5538	val_loss: 0.2294 val_ap: 0.5551	test_loss: 0.2392 test_ap: 0.5170
train: {'epoch': 43, 'time_epoch': 105.0816, 'eta': 5883.44707, 'eta_hours': 1.63429, 'loss': 0.21675651, 'lr': nan, 'params': 492786, 'time_iter': 0.30906, 'accuracy': 0.16463, 'ap': 0.5662, 'auc': 0.88098, 'trivial_loss': 0.7515092625752178}
val: {'epoch': 43, 'time_epoch': 12.15904, 'loss': 0.26155893, 'lr': 0, 'params': 492786, 'time_iter': 0.16656, 'accuracy': 0.16482, 'ap': 0.48875, 'auc': 0.83972}
test: {'epoch': 43, 'time_epoch': 12.24405, 'loss': 0.2657519, 'lr': 0, 'params': 492786, 'time_iter': 0.16773, 'accuracy': 0.16465, 'ap': 0.47525, 'auc': 0.83622}
> Epoch 43: took 129.6s (avg 129.6s) | Best so far: epoch 37	train_loss: 0.2213 train_ap: 0.5538	val_loss: 0.2294 val_ap: 0.5551	test_loss: 0.2392 test_ap: 0.5170
train: {'epoch': 44, 'time_epoch': 104.31775, 'eta': 5777.47643, 'eta_hours': 1.60485, 'loss': 0.21444973, 'lr': nan, 'params': 492786, 'time_iter': 0.30682, 'accuracy': 0.16463, 'ap': 0.57487, 'auc': 0.88355, 'trivial_loss': 0.7515419433913542}
val: {'epoch': 44, 'time_epoch': 12.00427, 'loss': 0.23228463, 'lr': 0, 'params': 492786, 'time_iter': 0.16444, 'accuracy': 0.16482, 'ap': 0.54394, 'auc': 0.86668}
test: {'epoch': 44, 'time_epoch': 12.10365, 'loss': 0.24010367, 'lr': 0, 'params': 492786, 'time_iter': 0.1658, 'accuracy': 0.16465, 'ap': 0.51414, 'auc': 0.85799}
> Epoch 44: took 128.5s (avg 129.5s) | Best so far: epoch 37	train_loss: 0.2213 train_ap: 0.5538	val_loss: 0.2294 val_ap: 0.5551	test_loss: 0.2392 test_ap: 0.5170
train: {'epoch': 45, 'time_epoch': 104.34695, 'eta': 5671.61192, 'eta_hours': 1.57545, 'loss': 0.21337862, 'lr': nan, 'params': 492786, 'time_iter': 0.3069, 'accuracy': 0.16463, 'ap': 0.58051, 'auc': 0.8851, 'trivial_loss': 0.7515477058607466}
val: {'epoch': 45, 'time_epoch': 12.05124, 'loss': 0.21941839, 'lr': 0, 'params': 492786, 'time_iter': 0.16509, 'accuracy': 0.16482, 'ap': 0.56476, 'auc': 0.8764}
test: {'epoch': 45, 'time_epoch': 12.10764, 'loss': 0.23013978, 'lr': 0, 'params': 492786, 'time_iter': 0.16586, 'accuracy': 0.16465, 'ap': 0.53297, 'auc': 0.86699}
> Epoch 45: took 128.6s (avg 129.5s) | Best so far: epoch 45	train_loss: 0.2134 train_ap: 0.5805	val_loss: 0.2194 val_ap: 0.5648	test_loss: 0.2301 test_ap: 0.5330
train: {'epoch': 46, 'time_epoch': 104.34454, 'eta': 5565.80927, 'eta_hours': 1.54606, 'loss': 0.21220641, 'lr': nan, 'params': 492786, 'time_iter': 0.3069, 'accuracy': 0.16463, 'ap': 0.58294, 'auc': 0.88579, 'trivial_loss': 0.7515474269967459}
val: {'epoch': 46, 'time_epoch': 12.04812, 'loss': 0.23088334, 'lr': 0, 'params': 492786, 'time_iter': 0.16504, 'accuracy': 0.16482, 'ap': 0.55046, 'auc': 0.8688}
test: {'epoch': 46, 'time_epoch': 12.09659, 'loss': 0.24168509, 'lr': 0, 'params': 492786, 'time_iter': 0.16571, 'accuracy': 0.16465, 'ap': 0.51749, 'auc': 0.85527}
> Epoch 46: took 128.6s (avg 129.5s) | Best so far: epoch 45	train_loss: 0.2134 train_ap: 0.5805	val_loss: 0.2194 val_ap: 0.5648	test_loss: 0.2301 test_ap: 0.5330
train: {'epoch': 47, 'time_epoch': 104.38079, 'eta': 5460.10665, 'eta_hours': 1.5167, 'loss': 0.21234052, 'lr': nan, 'params': 492786, 'time_iter': 0.307, 'accuracy': 0.16463, 'ap': 0.58056, 'auc': 0.88557, 'trivial_loss': 0.7515440566838198}
val: {'epoch': 47, 'time_epoch': 12.07726, 'loss': 0.23658924, 'lr': 0, 'params': 492786, 'time_iter': 0.16544, 'accuracy': 0.16482, 'ap': 0.52783, 'auc': 0.86186}
test: {'epoch': 47, 'time_epoch': 12.10985, 'loss': 0.24533186, 'lr': 0, 'params': 492786, 'time_iter': 0.16589, 'accuracy': 0.16465, 'ap': 0.50569, 'auc': 0.85291}
> Epoch 47: took 128.7s (avg 129.5s) | Best so far: epoch 45	train_loss: 0.2134 train_ap: 0.5805	val_loss: 0.2194 val_ap: 0.5648	test_loss: 0.2301 test_ap: 0.5330
train: {'epoch': 48, 'time_epoch': 104.48266, 'eta': 5354.56401, 'eta_hours': 1.48738, 'loss': 0.21031077, 'lr': nan, 'params': 492786, 'time_iter': 0.3073, 'accuracy': 0.16463, 'ap': 0.58671, 'auc': 0.88773, 'trivial_loss': 0.7515525183232105}
val: {'epoch': 48, 'time_epoch': 12.04568, 'loss': 0.21990296, 'lr': 0, 'params': 492786, 'time_iter': 0.16501, 'accuracy': 0.16482, 'ap': 0.56763, 'auc': 0.87901}
test: {'epoch': 48, 'time_epoch': 12.11588, 'loss': 0.23268095, 'lr': 0, 'params': 492786, 'time_iter': 0.16597, 'accuracy': 0.16465, 'ap': 0.53647, 'auc': 0.86899}
> Epoch 48: took 128.8s (avg 129.5s) | Best so far: epoch 48	train_loss: 0.2103 train_ap: 0.5867	val_loss: 0.2199 val_ap: 0.5676	test_loss: 0.2327 test_ap: 0.5365
train: {'epoch': 49, 'time_epoch': 104.45565, 'eta': 5249.03676, 'eta_hours': 1.45807, 'loss': 0.210984, 'lr': nan, 'params': 492786, 'time_iter': 0.30722, 'accuracy': 0.16463, 'ap': 0.58681, 'auc': 0.88856, 'trivial_loss': 0.7515470532740335}
val: {'epoch': 49, 'time_epoch': 12.04621, 'loss': 0.22604365, 'lr': 0, 'params': 492786, 'time_iter': 0.16502, 'accuracy': 0.16482, 'ap': 0.54786, 'auc': 0.87481}
test: {'epoch': 49, 'time_epoch': 12.10336, 'loss': 0.23498649, 'lr': 0, 'params': 492786, 'time_iter': 0.1658, 'accuracy': 0.16465, 'ap': 0.52552, 'auc': 0.86723}
> Epoch 49: took 128.7s (avg 129.5s) | Best so far: epoch 48	train_loss: 0.2103 train_ap: 0.5867	val_loss: 0.2199 val_ap: 0.5676	test_loss: 0.2327 test_ap: 0.5365
train: {'epoch': 50, 'time_epoch': 104.49444, 'eta': 5143.5888, 'eta_hours': 1.42877, 'loss': 0.20955699, 'lr': nan, 'params': 492786, 'time_iter': 0.30734, 'accuracy': 0.16463, 'ap': 0.58794, 'auc': 0.89154, 'trivial_loss': 0.7515617706163228}
val: {'epoch': 50, 'time_epoch': 12.0445, 'loss': 0.22142162, 'lr': 0, 'params': 492786, 'time_iter': 0.16499, 'accuracy': 0.16482, 'ap': 0.5522, 'auc': 0.87686}
test: {'epoch': 50, 'time_epoch': 12.10572, 'loss': 0.2327624, 'lr': 0, 'params': 492786, 'time_iter': 0.16583, 'accuracy': 0.16465, 'ap': 0.51973, 'auc': 0.86721}
> Epoch 50: took 128.8s (avg 129.4s) | Best so far: epoch 48	train_loss: 0.2103 train_ap: 0.5867	val_loss: 0.2199 val_ap: 0.5676	test_loss: 0.2327 test_ap: 0.5365
train: {'epoch': 51, 'time_epoch': 104.45998, 'eta': 5038.1457, 'eta_hours': 1.39948, 'loss': 0.20834332, 'lr': nan, 'params': 492786, 'time_iter': 0.30724, 'accuracy': 0.16463, 'ap': 0.58849, 'auc': 0.8914, 'trivial_loss': 0.751524880450333}
val: {'epoch': 51, 'time_epoch': 12.03767, 'loss': 0.2524074, 'lr': 0, 'params': 492786, 'time_iter': 0.1649, 'accuracy': 0.16482, 'ap': 0.52129, 'auc': 0.8622}
test: {'epoch': 51, 'time_epoch': 12.12443, 'loss': 0.25525249, 'lr': 0, 'params': 492786, 'time_iter': 0.16609, 'accuracy': 0.16465, 'ap': 0.50517, 'auc': 0.85555}
> Epoch 51: took 128.7s (avg 129.4s) | Best so far: epoch 48	train_loss: 0.2103 train_ap: 0.5867	val_loss: 0.2199 val_ap: 0.5676	test_loss: 0.2327 test_ap: 0.5365
train: {'epoch': 52, 'time_epoch': 104.51086, 'eta': 4932.78482, 'eta_hours': 1.37022, 'loss': 0.20831636, 'lr': nan, 'params': 492786, 'time_iter': 0.30738, 'accuracy': 0.16463, 'ap': 0.59492, 'auc': 0.8912, 'trivial_loss': 0.7515329788264669}
val: {'epoch': 52, 'time_epoch': 12.06011, 'loss': 0.22676728, 'lr': 0, 'params': 492786, 'time_iter': 0.16521, 'accuracy': 0.16482, 'ap': 0.56334, 'auc': 0.87674}
test: {'epoch': 52, 'time_epoch': 12.11478, 'loss': 0.23904905, 'lr': 0, 'params': 492786, 'time_iter': 0.16596, 'accuracy': 0.16465, 'ap': 0.52688, 'auc': 0.86647}
> Epoch 52: took 128.8s (avg 129.4s) | Best so far: epoch 48	train_loss: 0.2103 train_ap: 0.5867	val_loss: 0.2199 val_ap: 0.5676	test_loss: 0.2327 test_ap: 0.5365
train: {'epoch': 53, 'time_epoch': 104.44421, 'eta': 4827.39865, 'eta_hours': 1.34094, 'loss': 0.20743056, 'lr': nan, 'params': 492786, 'time_iter': 0.30719, 'accuracy': 0.16463, 'ap': 0.59367, 'auc': 0.89265, 'trivial_loss': 0.7515743892699148}
val: {'epoch': 53, 'time_epoch': 12.07359, 'loss': 0.22699883, 'lr': 0, 'params': 492786, 'time_iter': 0.16539, 'accuracy': 0.16482, 'ap': 0.54178, 'auc': 0.87285}
test: {'epoch': 53, 'time_epoch': 12.11849, 'loss': 0.23652511, 'lr': 0, 'params': 492786, 'time_iter': 0.16601, 'accuracy': 0.16465, 'ap': 0.52384, 'auc': 0.86623}
> Epoch 53: took 128.8s (avg 129.4s) | Best so far: epoch 48	train_loss: 0.2103 train_ap: 0.5867	val_loss: 0.2199 val_ap: 0.5676	test_loss: 0.2327 test_ap: 0.5365
train: {'epoch': 54, 'time_epoch': 104.50966, 'eta': 4722.10028, 'eta_hours': 1.31169, 'loss': 0.20630899, 'lr': nan, 'params': 492786, 'time_iter': 0.30738, 'accuracy': 0.16463, 'ap': 0.5968, 'auc': 0.89383, 'trivial_loss': 0.751539886584335}
val: {'epoch': 54, 'time_epoch': 12.04858, 'loss': 0.22047419, 'lr': 0, 'params': 492786, 'time_iter': 0.16505, 'accuracy': 0.16482, 'ap': 0.57214, 'auc': 0.88131}
test: {'epoch': 54, 'time_epoch': 12.12329, 'loss': 0.2320248, 'lr': 0, 'params': 492786, 'time_iter': 0.16607, 'accuracy': 0.16465, 'ap': 0.5407, 'auc': 0.87315}
> Epoch 54: took 128.8s (avg 129.4s) | Best so far: epoch 54	train_loss: 0.2063 train_ap: 0.5968	val_loss: 0.2205 val_ap: 0.5721	test_loss: 0.2320 test_ap: 0.5407
train: {'epoch': 55, 'time_epoch': 104.42342, 'eta': 4616.76232, 'eta_hours': 1.28243, 'loss': 0.20529753, 'lr': nan, 'params': 492786, 'time_iter': 0.30713, 'accuracy': 0.16463, 'ap': 0.60031, 'auc': 0.8952, 'trivial_loss': 0.7515377150522163}
val: {'epoch': 55, 'time_epoch': 12.05185, 'loss': 0.21943251, 'lr': 0, 'params': 492786, 'time_iter': 0.16509, 'accuracy': 0.16482, 'ap': 0.57198, 'auc': 0.88213}
test: {'epoch': 55, 'time_epoch': 12.14007, 'loss': 0.22946413, 'lr': 0, 'params': 492786, 'time_iter': 0.1663, 'accuracy': 0.16465, 'ap': 0.54315, 'auc': 0.87221}
> Epoch 55: took 128.7s (avg 129.4s) | Best so far: epoch 54	train_loss: 0.2063 train_ap: 0.5968	val_loss: 0.2205 val_ap: 0.5721	test_loss: 0.2320 test_ap: 0.5407
train: {'epoch': 56, 'time_epoch': 104.4312, 'eta': 4511.46232, 'eta_hours': 1.25318, 'loss': 0.20504055, 'lr': nan, 'params': 492786, 'time_iter': 0.30715, 'accuracy': 0.16463, 'ap': 0.59987, 'auc': 0.89537, 'trivial_loss': 0.7515447345256235}
val: {'epoch': 56, 'time_epoch': 12.06079, 'loss': 0.22174491, 'lr': 0, 'params': 492786, 'time_iter': 0.16522, 'accuracy': 0.16482, 'ap': 0.57503, 'auc': 0.87766}
test: {'epoch': 56, 'time_epoch': 12.11879, 'loss': 0.23294423, 'lr': 0, 'params': 492786, 'time_iter': 0.16601, 'accuracy': 0.16465, 'ap': 0.53936, 'auc': 0.87046}
> Epoch 56: took 128.7s (avg 129.4s) | Best so far: epoch 56	train_loss: 0.2050 train_ap: 0.5999	val_loss: 0.2217 val_ap: 0.5750	test_loss: 0.2329 test_ap: 0.5394
train: {'epoch': 57, 'time_epoch': 104.44491, 'eta': 4406.20221, 'eta_hours': 1.22395, 'loss': 0.20516506, 'lr': nan, 'params': 492786, 'time_iter': 0.30719, 'accuracy': 0.16463, 'ap': 0.60479, 'auc': 0.89704, 'trivial_loss': 0.751562225619093}
val: {'epoch': 57, 'time_epoch': 12.07321, 'loss': 0.24622544, 'lr': 0, 'params': 492786, 'time_iter': 0.16539, 'accuracy': 0.16482, 'ap': 0.5024, 'auc': 0.8576}
test: {'epoch': 57, 'time_epoch': 12.1003, 'loss': 0.25407851, 'lr': 0, 'params': 492786, 'time_iter': 0.16576, 'accuracy': 0.16465, 'ap': 0.49774, 'auc': 0.84751}
> Epoch 57: took 128.7s (avg 129.4s) | Best so far: epoch 56	train_loss: 0.2050 train_ap: 0.5999	val_loss: 0.2217 val_ap: 0.5750	test_loss: 0.2329 test_ap: 0.5394
train: {'epoch': 58, 'time_epoch': 104.4576, 'eta': 4300.97855, 'eta_hours': 1.19472, 'loss': 0.20143932, 'lr': nan, 'params': 492786, 'time_iter': 0.30723, 'accuracy': 0.16463, 'ap': 0.61215, 'auc': 0.8985, 'trivial_loss': 0.7515558965245835}
val: {'epoch': 58, 'time_epoch': 12.06543, 'loss': 0.23100484, 'lr': 0, 'params': 492786, 'time_iter': 0.16528, 'accuracy': 0.16482, 'ap': 0.55549, 'auc': 0.8768}
test: {'epoch': 58, 'time_epoch': 12.11254, 'loss': 0.24332493, 'lr': 0, 'params': 492786, 'time_iter': 0.16593, 'accuracy': 0.16465, 'ap': 0.52123, 'auc': 0.86352}
> Epoch 58: took 128.8s (avg 129.3s) | Best so far: epoch 56	train_loss: 0.2050 train_ap: 0.5999	val_loss: 0.2217 val_ap: 0.5750	test_loss: 0.2329 test_ap: 0.5394
train: {'epoch': 59, 'time_epoch': 104.47441, 'eta': 4195.79163, 'eta_hours': 1.1655, 'loss': 0.20203374, 'lr': nan, 'params': 492786, 'time_iter': 0.30728, 'accuracy': 0.16463, 'ap': 0.60937, 'auc': 0.89864, 'trivial_loss': 0.7515705947186135}
val: {'epoch': 59, 'time_epoch': 12.05912, 'loss': 0.23050871, 'lr': 0, 'params': 492786, 'time_iter': 0.16519, 'accuracy': 0.16482, 'ap': 0.56069, 'auc': 0.87266}
test: {'epoch': 59, 'time_epoch': 12.11648, 'loss': 0.24180319, 'lr': 0, 'params': 492786, 'time_iter': 0.16598, 'accuracy': 0.16465, 'ap': 0.51947, 'auc': 0.86021}
> Epoch 59: took 128.8s (avg 129.3s) | Best so far: epoch 56	train_loss: 0.2050 train_ap: 0.5999	val_loss: 0.2217 val_ap: 0.5750	test_loss: 0.2329 test_ap: 0.5394
train: {'epoch': 60, 'time_epoch': 104.4731, 'eta': 4090.62723, 'eta_hours': 1.13629, 'loss': 0.20030048, 'lr': nan, 'params': 492786, 'time_iter': 0.30727, 'accuracy': 0.16463, 'ap': 0.61258, 'auc': 0.90069, 'trivial_loss': 0.7515438073672335}
val: {'epoch': 60, 'time_epoch': 12.04538, 'loss': 0.23426586, 'lr': 0, 'params': 492786, 'time_iter': 0.16501, 'accuracy': 0.16482, 'ap': 0.53773, 'auc': 0.86716}
test: {'epoch': 60, 'time_epoch': 12.11116, 'loss': 0.24510003, 'lr': 0, 'params': 492786, 'time_iter': 0.16591, 'accuracy': 0.16465, 'ap': 0.51375, 'auc': 0.85455}
> Epoch 60: took 128.7s (avg 129.3s) | Best so far: epoch 56	train_loss: 0.2050 train_ap: 0.5999	val_loss: 0.2217 val_ap: 0.5750	test_loss: 0.2329 test_ap: 0.5394
train: {'epoch': 61, 'time_epoch': 104.41041, 'eta': 3985.44672, 'eta_hours': 1.10707, 'loss': 0.20092927, 'lr': nan, 'params': 492786, 'time_iter': 0.30709, 'accuracy': 0.16463, 'ap': 0.61636, 'auc': 0.89904, 'trivial_loss': 0.7515499735014491}
val: {'epoch': 61, 'time_epoch': 11.99731, 'loss': 0.21923956, 'lr': 0, 'params': 492786, 'time_iter': 0.16435, 'accuracy': 0.16482, 'ap': 0.57945, 'auc': 0.88487}
test: {'epoch': 61, 'time_epoch': 12.0654, 'loss': 0.23073885, 'lr': 0, 'params': 492786, 'time_iter': 0.16528, 'accuracy': 0.16465, 'ap': 0.54089, 'auc': 0.87312}
> Epoch 61: took 128.6s (avg 129.3s) | Best so far: epoch 61	train_loss: 0.2009 train_ap: 0.6164	val_loss: 0.2192 val_ap: 0.5795	test_loss: 0.2307 test_ap: 0.5409
train: {'epoch': 62, 'time_epoch': 104.18645, 'eta': 3880.15911, 'eta_hours': 1.07782, 'loss': 0.20018508, 'lr': nan, 'params': 492786, 'time_iter': 0.30643, 'accuracy': 0.16463, 'ap': 0.6182, 'auc': 0.90151, 'trivial_loss': 0.7515392205066781}
val: {'epoch': 62, 'time_epoch': 12.01919, 'loss': 0.2182372, 'lr': 0, 'params': 492786, 'time_iter': 0.16465, 'accuracy': 0.16482, 'ap': 0.57884, 'auc': 0.88079}
test: {'epoch': 62, 'time_epoch': 12.05811, 'loss': 0.23046527, 'lr': 0, 'params': 492786, 'time_iter': 0.16518, 'accuracy': 0.16465, 'ap': 0.54763, 'auc': 0.87079}
> Epoch 62: took 128.4s (avg 129.3s) | Best so far: epoch 61	train_loss: 0.2009 train_ap: 0.6164	val_loss: 0.2192 val_ap: 0.5795	test_loss: 0.2307 test_ap: 0.5409
train: {'epoch': 63, 'time_epoch': 104.22062, 'eta': 3774.92514, 'eta_hours': 1.04859, 'loss': 0.19793887, 'lr': nan, 'params': 492786, 'time_iter': 0.30653, 'accuracy': 0.16463, 'ap': 0.62062, 'auc': 0.90268, 'trivial_loss': 0.7515350455008971}
val: {'epoch': 63, 'time_epoch': 12.01409, 'loss': 0.23760925, 'lr': 0, 'params': 492786, 'time_iter': 0.16458, 'accuracy': 0.16482, 'ap': 0.53385, 'auc': 0.8637}
test: {'epoch': 63, 'time_epoch': 12.06666, 'loss': 0.24874867, 'lr': 0, 'params': 492786, 'time_iter': 0.1653, 'accuracy': 0.16465, 'ap': 0.50996, 'auc': 0.85238}
> Epoch 63: took 128.4s (avg 129.3s) | Best so far: epoch 61	train_loss: 0.2009 train_ap: 0.6164	val_loss: 0.2192 val_ap: 0.5795	test_loss: 0.2307 test_ap: 0.5409
train: {'epoch': 64, 'time_epoch': 104.22698, 'eta': 3669.72577, 'eta_hours': 1.01937, 'loss': 0.19840599, 'lr': nan, 'params': 492786, 'time_iter': 0.30655, 'accuracy': 0.16463, 'ap': 0.62006, 'auc': 0.90281, 'trivial_loss': 0.7515706485234133}
val: {'epoch': 64, 'time_epoch': 12.03861, 'loss': 0.21757548, 'lr': 0, 'params': 492786, 'time_iter': 0.16491, 'accuracy': 0.16482, 'ap': 0.57926, 'auc': 0.88541}
test: {'epoch': 64, 'time_epoch': 12.09353, 'loss': 0.22823456, 'lr': 0, 'params': 492786, 'time_iter': 0.16566, 'accuracy': 0.16465, 'ap': 0.54879, 'auc': 0.87592}
> Epoch 64: took 128.5s (avg 129.3s) | Best so far: epoch 61	train_loss: 0.2009 train_ap: 0.6164	val_loss: 0.2192 val_ap: 0.5795	test_loss: 0.2307 test_ap: 0.5409
train: {'epoch': 65, 'time_epoch': 104.325, 'eta': 3564.60637, 'eta_hours': 0.99017, 'loss': 0.1958929, 'lr': nan, 'params': 492786, 'time_iter': 0.30684, 'accuracy': 0.16463, 'ap': 0.62511, 'auc': 0.90498, 'trivial_loss': 0.7515470575444296}
val: {'epoch': 65, 'time_epoch': 12.03091, 'loss': 0.21628353, 'lr': 0, 'params': 492786, 'time_iter': 0.16481, 'accuracy': 0.16482, 'ap': 0.58679, 'auc': 0.88464}
test: {'epoch': 65, 'time_epoch': 12.08766, 'loss': 0.2284431, 'lr': 0, 'params': 492786, 'time_iter': 0.16558, 'accuracy': 0.16465, 'ap': 0.54946, 'auc': 0.87609}
> Epoch 65: took 128.6s (avg 129.3s) | Best so far: epoch 65	train_loss: 0.1959 train_ap: 0.6251	val_loss: 0.2163 val_ap: 0.5868	test_loss: 0.2284 test_ap: 0.5495
train: {'epoch': 66, 'time_epoch': 104.32457, 'eta': 3459.51047, 'eta_hours': 0.96098, 'loss': 0.199727, 'lr': nan, 'params': 492786, 'time_iter': 0.30684, 'accuracy': 0.16463, 'ap': 0.61614, 'auc': 0.90081, 'trivial_loss': 0.7515733842631332}
val: {'epoch': 66, 'time_epoch': 12.03296, 'loss': 0.2170902, 'lr': 0, 'params': 492786, 'time_iter': 0.16484, 'accuracy': 0.16482, 'ap': 0.58374, 'auc': 0.88325}
test: {'epoch': 66, 'time_epoch': 12.10051, 'loss': 0.23250723, 'lr': 0, 'params': 492786, 'time_iter': 0.16576, 'accuracy': 0.16465, 'ap': 0.54319, 'auc': 0.87177}
> Epoch 66: took 128.6s (avg 129.3s) | Best so far: epoch 65	train_loss: 0.1959 train_ap: 0.6251	val_loss: 0.2163 val_ap: 0.5868	test_loss: 0.2284 test_ap: 0.5495
train: {'epoch': 67, 'time_epoch': 104.38298, 'eta': 3354.46474, 'eta_hours': 0.9318, 'loss': 0.19728521, 'lr': nan, 'params': 492786, 'time_iter': 0.30701, 'accuracy': 0.16463, 'ap': 0.62483, 'auc': 0.90399, 'trivial_loss': 0.7515576723625543}
val: {'epoch': 67, 'time_epoch': 12.03969, 'loss': 0.2220045, 'lr': 0, 'params': 492786, 'time_iter': 0.16493, 'accuracy': 0.16482, 'ap': 0.57225, 'auc': 0.87989}
test: {'epoch': 67, 'time_epoch': 12.10173, 'loss': 0.23194916, 'lr': 0, 'params': 492786, 'time_iter': 0.16578, 'accuracy': 0.16465, 'ap': 0.5416, 'auc': 0.87312}
> Epoch 67: took 128.6s (avg 129.2s) | Best so far: epoch 65	train_loss: 0.1959 train_ap: 0.6251	val_loss: 0.2163 val_ap: 0.5868	test_loss: 0.2284 test_ap: 0.5495
train: {'epoch': 68, 'time_epoch': 104.40228, 'eta': 3249.44689, 'eta_hours': 0.90262, 'loss': 0.1956171, 'lr': nan, 'params': 492786, 'time_iter': 0.30707, 'accuracy': 0.16463, 'ap': 0.62907, 'auc': 0.90566, 'trivial_loss': 0.7515420453600838}
val: {'epoch': 68, 'time_epoch': 12.05729, 'loss': 0.230955, 'lr': 0, 'params': 492786, 'time_iter': 0.16517, 'accuracy': 0.16482, 'ap': 0.56195, 'auc': 0.87526}
test: {'epoch': 68, 'time_epoch': 12.10203, 'loss': 0.2358627, 'lr': 0, 'params': 492786, 'time_iter': 0.16578, 'accuracy': 0.16465, 'ap': 0.54022, 'auc': 0.87142}
> Epoch 68: took 128.7s (avg 129.2s) | Best so far: epoch 65	train_loss: 0.1959 train_ap: 0.6251	val_loss: 0.2163 val_ap: 0.5868	test_loss: 0.2284 test_ap: 0.5495
train: {'epoch': 69, 'time_epoch': 104.46314, 'eta': 3144.47271, 'eta_hours': 0.87346, 'loss': 0.19433619, 'lr': nan, 'params': 492786, 'time_iter': 0.30724, 'accuracy': 0.16463, 'ap': 0.62959, 'auc': 0.90638, 'trivial_loss': 0.7515495462535134}
val: {'epoch': 69, 'time_epoch': 12.04863, 'loss': 0.21909271, 'lr': 0, 'params': 492786, 'time_iter': 0.16505, 'accuracy': 0.16482, 'ap': 0.5816, 'auc': 0.88605}
test: {'epoch': 69, 'time_epoch': 12.12013, 'loss': 0.23011067, 'lr': 0, 'params': 492786, 'time_iter': 0.16603, 'accuracy': 0.16465, 'ap': 0.5534, 'auc': 0.87596}
> Epoch 69: took 128.7s (avg 129.2s) | Best so far: epoch 65	train_loss: 0.1959 train_ap: 0.6251	val_loss: 0.2163 val_ap: 0.5868	test_loss: 0.2284 test_ap: 0.5495
train: {'epoch': 70, 'time_epoch': 104.40946, 'eta': 3039.491, 'eta_hours': 0.8443, 'loss': 0.19415637, 'lr': nan, 'params': 492786, 'time_iter': 0.30709, 'accuracy': 0.16463, 'ap': 0.62857, 'auc': 0.90735, 'trivial_loss': 0.7515711103840342}
val: {'epoch': 70, 'time_epoch': 12.04517, 'loss': 0.22127819, 'lr': 0, 'params': 492786, 'time_iter': 0.165, 'accuracy': 0.16482, 'ap': 0.58026, 'auc': 0.88687}
test: {'epoch': 70, 'time_epoch': 12.1009, 'loss': 0.23056116, 'lr': 0, 'params': 492786, 'time_iter': 0.16577, 'accuracy': 0.16465, 'ap': 0.55568, 'auc': 0.87908}
> Epoch 70: took 128.7s (avg 129.2s) | Best so far: epoch 65	train_loss: 0.1959 train_ap: 0.6251	val_loss: 0.2163 val_ap: 0.5868	test_loss: 0.2284 test_ap: 0.5495
train: {'epoch': 71, 'time_epoch': 104.39665, 'eta': 2934.5202, 'eta_hours': 0.81514, 'loss': 0.1949706, 'lr': nan, 'params': 492786, 'time_iter': 0.30705, 'accuracy': 0.16463, 'ap': 0.62935, 'auc': 0.90676, 'trivial_loss': 0.7515519188231689}
val: {'epoch': 71, 'time_epoch': 12.04399, 'loss': 0.23115819, 'lr': 0, 'params': 492786, 'time_iter': 0.16499, 'accuracy': 0.16482, 'ap': 0.56057, 'auc': 0.87695}
test: {'epoch': 71, 'time_epoch': 12.08718, 'loss': 0.2379262, 'lr': 0, 'params': 492786, 'time_iter': 0.16558, 'accuracy': 0.16465, 'ap': 0.53496, 'auc': 0.86849}
> Epoch 71: took 128.6s (avg 129.2s) | Best so far: epoch 65	train_loss: 0.1959 train_ap: 0.6251	val_loss: 0.2163 val_ap: 0.5868	test_loss: 0.2284 test_ap: 0.5495
train: {'epoch': 72, 'time_epoch': 104.40029, 'eta': 2829.56649, 'eta_hours': 0.78599, 'loss': 0.19386163, 'lr': nan, 'params': 492786, 'time_iter': 0.30706, 'accuracy': 0.16463, 'ap': 0.62981, 'auc': 0.90647, 'trivial_loss': 0.7515063360765142}
val: {'epoch': 72, 'time_epoch': 12.04708, 'loss': 0.21169782, 'lr': 0, 'params': 492786, 'time_iter': 0.16503, 'accuracy': 0.16482, 'ap': 0.59845, 'auc': 0.8896}
test: {'epoch': 72, 'time_epoch': 12.11956, 'loss': 0.22337457, 'lr': 0, 'params': 492786, 'time_iter': 0.16602, 'accuracy': 0.16465, 'ap': 0.557, 'auc': 0.8814}
> Epoch 72: took 128.7s (avg 129.2s) | Best so far: epoch 72	train_loss: 0.1939 train_ap: 0.6298	val_loss: 0.2117 val_ap: 0.5985	test_loss: 0.2234 test_ap: 0.5570
train: {'epoch': 73, 'time_epoch': 104.47626, 'eta': 2724.65442, 'eta_hours': 0.75685, 'loss': 0.19334348, 'lr': nan, 'params': 492786, 'time_iter': 0.30728, 'accuracy': 0.16463, 'ap': 0.63635, 'auc': 0.90795, 'trivial_loss': 0.7515315251210943}
val: {'epoch': 73, 'time_epoch': 12.05437, 'loss': 0.22790961, 'lr': 0, 'params': 492786, 'time_iter': 0.16513, 'accuracy': 0.16482, 'ap': 0.55826, 'auc': 0.87778}
test: {'epoch': 73, 'time_epoch': 12.10359, 'loss': 0.240208, 'lr': 0, 'params': 492786, 'time_iter': 0.1658, 'accuracy': 0.16465, 'ap': 0.53182, 'auc': 0.86905}
> Epoch 73: took 128.8s (avg 129.2s) | Best so far: epoch 72	train_loss: 0.1939 train_ap: 0.6298	val_loss: 0.2117 val_ap: 0.5985	test_loss: 0.2234 test_ap: 0.5570
train: {'epoch': 74, 'time_epoch': 104.4864, 'eta': 2619.75735, 'eta_hours': 0.72771, 'loss': 0.19279266, 'lr': nan, 'params': 492786, 'time_iter': 0.30731, 'accuracy': 0.16463, 'ap': 0.63151, 'auc': 0.90812, 'trivial_loss': 0.7515454605971398}
val: {'epoch': 74, 'time_epoch': 12.05199, 'loss': 0.2167893, 'lr': 0, 'params': 492786, 'time_iter': 0.1651, 'accuracy': 0.16482, 'ap': 0.59828, 'auc': 0.8866}
test: {'epoch': 74, 'time_epoch': 12.09161, 'loss': 0.22576337, 'lr': 0, 'params': 492786, 'time_iter': 0.16564, 'accuracy': 0.16465, 'ap': 0.56423, 'auc': 0.88003}
> Epoch 74: took 128.7s (avg 129.2s) | Best so far: epoch 72	train_loss: 0.1939 train_ap: 0.6298	val_loss: 0.2117 val_ap: 0.5985	test_loss: 0.2234 test_ap: 0.5570
train: {'epoch': 75, 'time_epoch': 104.45238, 'eta': 2514.86035, 'eta_hours': 0.69857, 'loss': 0.19102546, 'lr': nan, 'params': 492786, 'time_iter': 0.30721, 'accuracy': 0.16463, 'ap': 0.63986, 'auc': 0.91038, 'trivial_loss': 0.7515607354810461}
val: {'epoch': 75, 'time_epoch': 12.04132, 'loss': 0.21972382, 'lr': 0, 'params': 492786, 'time_iter': 0.16495, 'accuracy': 0.16482, 'ap': 0.58176, 'auc': 0.88378}
test: {'epoch': 75, 'time_epoch': 12.14952, 'loss': 0.23006944, 'lr': 0, 'params': 492786, 'time_iter': 0.16643, 'accuracy': 0.16465, 'ap': 0.55123, 'auc': 0.87524}
> Epoch 75: took 128.8s (avg 129.2s) | Best so far: epoch 72	train_loss: 0.1939 train_ap: 0.6298	val_loss: 0.2117 val_ap: 0.5985	test_loss: 0.2234 test_ap: 0.5570
train: {'epoch': 76, 'time_epoch': 104.42573, 'eta': 2409.96693, 'eta_hours': 0.66944, 'loss': 0.19099339, 'lr': nan, 'params': 492786, 'time_iter': 0.30713, 'accuracy': 0.16463, 'ap': 0.63996, 'auc': 0.91115, 'trivial_loss': 0.7515403318896329}
val: {'epoch': 76, 'time_epoch': 12.05083, 'loss': 0.22217122, 'lr': 0, 'params': 492786, 'time_iter': 0.16508, 'accuracy': 0.16482, 'ap': 0.58516, 'auc': 0.88074}
test: {'epoch': 76, 'time_epoch': 12.13985, 'loss': 0.23360921, 'lr': 0, 'params': 492786, 'time_iter': 0.1663, 'accuracy': 0.16465, 'ap': 0.54925, 'auc': 0.87137}
> Epoch 76: took 128.7s (avg 129.2s) | Best so far: epoch 72	train_loss: 0.1939 train_ap: 0.6298	val_loss: 0.2117 val_ap: 0.5985	test_loss: 0.2234 test_ap: 0.5570
train: {'epoch': 77, 'time_epoch': 104.40198, 'eta': 2305.07881, 'eta_hours': 0.6403, 'loss': 0.1898744, 'lr': nan, 'params': 492786, 'time_iter': 0.30706, 'accuracy': 0.16463, 'ap': 0.64639, 'auc': 0.91268, 'trivial_loss': 0.7515408330280319}
val: {'epoch': 77, 'time_epoch': 12.08858, 'loss': 0.21898197, 'lr': 0, 'params': 492786, 'time_iter': 0.1656, 'accuracy': 0.16482, 'ap': 0.58607, 'auc': 0.88182}
test: {'epoch': 77, 'time_epoch': 12.11271, 'loss': 0.23154012, 'lr': 0, 'params': 492786, 'time_iter': 0.16593, 'accuracy': 0.16465, 'ap': 0.55297, 'auc': 0.87466}
> Epoch 77: took 128.7s (avg 129.2s) | Best so far: epoch 72	train_loss: 0.1939 train_ap: 0.6298	val_loss: 0.2117 val_ap: 0.5985	test_loss: 0.2234 test_ap: 0.5570
train: {'epoch': 78, 'time_epoch': 104.41875, 'eta': 2200.20745, 'eta_hours': 0.61117, 'loss': 0.18865543, 'lr': nan, 'params': 492786, 'time_iter': 0.30711, 'accuracy': 0.16463, 'ap': 0.64854, 'auc': 0.91223, 'trivial_loss': 0.7515582532570442}
val: {'epoch': 78, 'time_epoch': 12.05703, 'loss': 0.21449863, 'lr': 0, 'params': 492786, 'time_iter': 0.16516, 'accuracy': 0.16482, 'ap': 0.59959, 'auc': 0.889}
test: {'epoch': 78, 'time_epoch': 12.11965, 'loss': 0.22882523, 'lr': 0, 'params': 492786, 'time_iter': 0.16602, 'accuracy': 0.16465, 'ap': 0.56308, 'auc': 0.87873}
> Epoch 78: took 128.7s (avg 129.2s) | Best so far: epoch 78	train_loss: 0.1887 train_ap: 0.6485	val_loss: 0.2145 val_ap: 0.5996	test_loss: 0.2288 test_ap: 0.5631
train: {'epoch': 79, 'time_epoch': 104.47181, 'eta': 2095.36068, 'eta_hours': 0.58204, 'loss': 0.18797574, 'lr': nan, 'params': 492786, 'time_iter': 0.30727, 'accuracy': 0.16463, 'ap': 0.65005, 'auc': 0.91352, 'trivial_loss': 0.7515415413765814}
val: {'epoch': 79, 'time_epoch': 12.04118, 'loss': 0.22532627, 'lr': 0, 'params': 492786, 'time_iter': 0.16495, 'accuracy': 0.16482, 'ap': 0.57632, 'auc': 0.88386}
test: {'epoch': 79, 'time_epoch': 12.11335, 'loss': 0.23853365, 'lr': 0, 'params': 492786, 'time_iter': 0.16594, 'accuracy': 0.16465, 'ap': 0.54217, 'auc': 0.87055}
> Epoch 79: took 128.7s (avg 129.2s) | Best so far: epoch 78	train_loss: 0.1887 train_ap: 0.6485	val_loss: 0.2145 val_ap: 0.5996	test_loss: 0.2288 test_ap: 0.5631
train: {'epoch': 80, 'time_epoch': 104.46981, 'eta': 1990.52269, 'eta_hours': 0.55292, 'loss': 0.18757607, 'lr': nan, 'params': 492786, 'time_iter': 0.30726, 'accuracy': 0.16463, 'ap': 0.65127, 'auc': 0.91467, 'trivial_loss': 0.7515335645450244}
val: {'epoch': 80, 'time_epoch': 12.05046, 'loss': 0.21213046, 'lr': 0, 'params': 492786, 'time_iter': 0.16507, 'accuracy': 0.16482, 'ap': 0.60948, 'auc': 0.89013}
test: {'epoch': 80, 'time_epoch': 12.10761, 'loss': 0.22609529, 'lr': 0, 'params': 492786, 'time_iter': 0.16586, 'accuracy': 0.16465, 'ap': 0.56988, 'auc': 0.88065}
> Epoch 80: took 128.7s (avg 129.2s) | Best so far: epoch 80	train_loss: 0.1876 train_ap: 0.6513	val_loss: 0.2121 val_ap: 0.6095	test_loss: 0.2261 test_ap: 0.5699
train: {'epoch': 81, 'time_epoch': 104.48602, 'eta': 1885.69724, 'eta_hours': 0.5238, 'loss': 0.18590032, 'lr': nan, 'params': 492786, 'time_iter': 0.30731, 'accuracy': 0.16463, 'ap': 0.65499, 'auc': 0.91581, 'trivial_loss': 0.7515376431845724}
val: {'epoch': 81, 'time_epoch': 12.05662, 'loss': 0.21276751, 'lr': 0, 'params': 492786, 'time_iter': 0.16516, 'accuracy': 0.16482, 'ap': 0.6093, 'auc': 0.89036}
test: {'epoch': 81, 'time_epoch': 12.11995, 'loss': 0.23014227, 'lr': 0, 'params': 492786, 'time_iter': 0.16603, 'accuracy': 0.16465, 'ap': 0.56763, 'auc': 0.87691}
> Epoch 81: took 128.8s (avg 129.2s) | Best so far: epoch 80	train_loss: 0.1876 train_ap: 0.6513	val_loss: 0.2121 val_ap: 0.6095	test_loss: 0.2261 test_ap: 0.5699
train: {'epoch': 82, 'time_epoch': 104.51493, 'eta': 1780.88589, 'eta_hours': 0.49469, 'loss': 0.18790348, 'lr': nan, 'params': 492786, 'time_iter': 0.3074, 'accuracy': 0.16463, 'ap': 0.64741, 'auc': 0.91421, 'trivial_loss': 0.751522845938181}
val: {'epoch': 82, 'time_epoch': 12.03498, 'loss': 0.21973881, 'lr': 0, 'params': 492786, 'time_iter': 0.16486, 'accuracy': 0.16482, 'ap': 0.59313, 'auc': 0.88605}
test: {'epoch': 82, 'time_epoch': 12.09133, 'loss': 0.23343876, 'lr': 0, 'params': 492786, 'time_iter': 0.16563, 'accuracy': 0.16465, 'ap': 0.54885, 'auc': 0.87381}
> Epoch 82: took 128.8s (avg 129.2s) | Best so far: epoch 80	train_loss: 0.1876 train_ap: 0.6513	val_loss: 0.2121 val_ap: 0.6095	test_loss: 0.2261 test_ap: 0.5699
train: {'epoch': 83, 'time_epoch': 104.36443, 'eta': 1676.05293, 'eta_hours': 0.46557, 'loss': 0.18663302, 'lr': nan, 'params': 492786, 'time_iter': 0.30695, 'accuracy': 0.16463, 'ap': 0.65079, 'auc': 0.91442, 'trivial_loss': 0.7515360593938306}
val: {'epoch': 83, 'time_epoch': 12.02447, 'loss': 0.21429704, 'lr': 0, 'params': 492786, 'time_iter': 0.16472, 'accuracy': 0.16482, 'ap': 0.60441, 'auc': 0.89145}
test: {'epoch': 83, 'time_epoch': 12.08524, 'loss': 0.22555736, 'lr': 0, 'params': 492786, 'time_iter': 0.16555, 'accuracy': 0.16465, 'ap': 0.57009, 'auc': 0.88468}
> Epoch 83: took 128.6s (avg 129.1s) | Best so far: epoch 80	train_loss: 0.1876 train_ap: 0.6513	val_loss: 0.2121 val_ap: 0.6095	test_loss: 0.2261 test_ap: 0.5699
train: {'epoch': 84, 'time_epoch': 104.41067, 'eta': 1571.23916, 'eta_hours': 0.43646, 'loss': 0.18545824, 'lr': nan, 'params': 492786, 'time_iter': 0.30709, 'accuracy': 0.16463, 'ap': 0.65578, 'auc': 0.91516, 'trivial_loss': 0.7515631266014343}
val: {'epoch': 84, 'time_epoch': 12.05322, 'loss': 0.21679238, 'lr': 0, 'params': 492786, 'time_iter': 0.16511, 'accuracy': 0.16482, 'ap': 0.59061, 'auc': 0.88607}
test: {'epoch': 84, 'time_epoch': 12.12684, 'loss': 0.22856633, 'lr': 0, 'params': 492786, 'time_iter': 0.16612, 'accuracy': 0.16465, 'ap': 0.55866, 'auc': 0.8772}
> Epoch 84: took 128.7s (avg 129.1s) | Best so far: epoch 80	train_loss: 0.1876 train_ap: 0.6513	val_loss: 0.2121 val_ap: 0.6095	test_loss: 0.2261 test_ap: 0.5699
train: {'epoch': 85, 'time_epoch': 104.44887, 'eta': 1466.44098, 'eta_hours': 0.40734, 'loss': 0.18636231, 'lr': nan, 'params': 492786, 'time_iter': 0.3072, 'accuracy': 0.16463, 'ap': 0.65354, 'auc': 0.91348, 'trivial_loss': 0.7515365396242818}
val: {'epoch': 85, 'time_epoch': 12.03191, 'loss': 0.2138383, 'lr': 0, 'params': 492786, 'time_iter': 0.16482, 'accuracy': 0.16482, 'ap': 0.60239, 'auc': 0.89133}
test: {'epoch': 85, 'time_epoch': 12.13512, 'loss': 0.22601318, 'lr': 0, 'params': 492786, 'time_iter': 0.16623, 'accuracy': 0.16465, 'ap': 0.56927, 'auc': 0.88038}
> Epoch 85: took 128.7s (avg 129.1s) | Best so far: epoch 80	train_loss: 0.1876 train_ap: 0.6513	val_loss: 0.2121 val_ap: 0.6095	test_loss: 0.2261 test_ap: 0.5699
train: {'epoch': 86, 'time_epoch': 104.40775, 'eta': 1361.64468, 'eta_hours': 0.37823, 'loss': 0.18394096, 'lr': nan, 'params': 492786, 'time_iter': 0.30708, 'accuracy': 0.16463, 'ap': 0.66325, 'auc': 0.9179, 'trivial_loss': 0.7515516449751021}
val: {'epoch': 86, 'time_epoch': 12.03508, 'loss': 0.21533498, 'lr': 0, 'params': 492786, 'time_iter': 0.16486, 'accuracy': 0.16482, 'ap': 0.60759, 'auc': 0.89139}
test: {'epoch': 86, 'time_epoch': 12.12428, 'loss': 0.22773302, 'lr': 0, 'params': 492786, 'time_iter': 0.16609, 'accuracy': 0.16465, 'ap': 0.56848, 'auc': 0.88133}
> Epoch 86: took 128.7s (avg 129.1s) | Best so far: epoch 80	train_loss: 0.1876 train_ap: 0.6513	val_loss: 0.2121 val_ap: 0.6095	test_loss: 0.2261 test_ap: 0.5699
train: {'epoch': 87, 'time_epoch': 104.45498, 'eta': 1256.86366, 'eta_hours': 0.34913, 'loss': 0.18237217, 'lr': nan, 'params': 492786, 'time_iter': 0.30722, 'accuracy': 0.16463, 'ap': 0.66351, 'auc': 0.91866, 'trivial_loss': 0.7515409057563334}
val: {'epoch': 87, 'time_epoch': 12.0786, 'loss': 0.21555801, 'lr': 0, 'params': 492786, 'time_iter': 0.16546, 'accuracy': 0.16482, 'ap': 0.59758, 'auc': 0.88993}
test: {'epoch': 87, 'time_epoch': 12.104, 'loss': 0.22804739, 'lr': 0, 'params': 492786, 'time_iter': 0.16581, 'accuracy': 0.16465, 'ap': 0.56115, 'auc': 0.88059}
> Epoch 87: took 128.8s (avg 129.1s) | Best so far: epoch 80	train_loss: 0.1876 train_ap: 0.6513	val_loss: 0.2121 val_ap: 0.6095	test_loss: 0.2261 test_ap: 0.5699
train: {'epoch': 88, 'time_epoch': 104.39332, 'eta': 1152.08234, 'eta_hours': 0.32002, 'loss': 0.18058392, 'lr': nan, 'params': 492786, 'time_iter': 0.30704, 'accuracy': 0.16463, 'ap': 0.66741, 'auc': 0.91925, 'trivial_loss': 0.7515450552987119}
val: {'epoch': 88, 'time_epoch': 12.02791, 'loss': 0.27862138, 'lr': 0, 'params': 492786, 'time_iter': 0.16477, 'accuracy': 0.16482, 'ap': 0.49957, 'auc': 0.84662}
test: {'epoch': 88, 'time_epoch': 12.08726, 'loss': 0.27739368, 'lr': 0, 'params': 492786, 'time_iter': 0.16558, 'accuracy': 0.16465, 'ap': 0.48629, 'auc': 0.8437}
> Epoch 88: took 128.6s (avg 129.1s) | Best so far: epoch 80	train_loss: 0.1876 train_ap: 0.6513	val_loss: 0.2121 val_ap: 0.6095	test_loss: 0.2261 test_ap: 0.5699
train: {'epoch': 89, 'time_epoch': 104.36435, 'eta': 1047.30643, 'eta_hours': 0.29092, 'loss': 0.18117189, 'lr': nan, 'params': 492786, 'time_iter': 0.30695, 'accuracy': 0.16463, 'ap': 0.66485, 'auc': 0.9191, 'trivial_loss': 0.7515650524788724}
val: {'epoch': 89, 'time_epoch': 12.03721, 'loss': 0.20982822, 'lr': 0, 'params': 492786, 'time_iter': 0.16489, 'accuracy': 0.16482, 'ap': 0.61376, 'auc': 0.89528}
test: {'epoch': 89, 'time_epoch': 12.11425, 'loss': 0.22239363, 'lr': 0, 'params': 492786, 'time_iter': 0.16595, 'accuracy': 0.16465, 'ap': 0.58229, 'auc': 0.88518}
> Epoch 89: took 128.6s (avg 129.1s) | Best so far: epoch 89	train_loss: 0.1812 train_ap: 0.6649	val_loss: 0.2098 val_ap: 0.6138	test_loss: 0.2224 test_ap: 0.5823
train: {'epoch': 90, 'time_epoch': 104.42402, 'eta': 942.54546, 'eta_hours': 0.26182, 'loss': 0.18242894, 'lr': nan, 'params': 492786, 'time_iter': 0.30713, 'accuracy': 0.16463, 'ap': 0.66629, 'auc': 0.91856, 'trivial_loss': 0.7515502482430647}
val: {'epoch': 90, 'time_epoch': 12.04722, 'loss': 0.21540531, 'lr': 0, 'params': 492786, 'time_iter': 0.16503, 'accuracy': 0.16482, 'ap': 0.61233, 'auc': 0.89112}
test: {'epoch': 90, 'time_epoch': 12.13067, 'loss': 0.2281895, 'lr': 0, 'params': 492786, 'time_iter': 0.16617, 'accuracy': 0.16465, 'ap': 0.57361, 'auc': 0.8806}
> Epoch 90: took 128.7s (avg 129.1s) | Best so far: epoch 89	train_loss: 0.1812 train_ap: 0.6649	val_loss: 0.2098 val_ap: 0.6138	test_loss: 0.2224 test_ap: 0.5823
train: {'epoch': 91, 'time_epoch': 104.46565, 'eta': 837.79544, 'eta_hours': 0.23272, 'loss': 0.1806955, 'lr': nan, 'params': 492786, 'time_iter': 0.30725, 'accuracy': 0.16463, 'ap': 0.668, 'auc': 0.92011, 'trivial_loss': 0.7515594499656953}
val: {'epoch': 91, 'time_epoch': 12.07003, 'loss': 0.22280475, 'lr': 0, 'params': 492786, 'time_iter': 0.16534, 'accuracy': 0.16482, 'ap': 0.59056, 'auc': 0.87933}
test: {'epoch': 91, 'time_epoch': 12.10554, 'loss': 0.23535118, 'lr': 0, 'params': 492786, 'time_iter': 0.16583, 'accuracy': 0.16465, 'ap': 0.55285, 'auc': 0.86938}
> Epoch 91: took 128.8s (avg 129.1s) | Best so far: epoch 89	train_loss: 0.1812 train_ap: 0.6649	val_loss: 0.2098 val_ap: 0.6138	test_loss: 0.2224 test_ap: 0.5823
train: {'epoch': 92, 'time_epoch': 104.51296, 'eta': 733.05509, 'eta_hours': 0.20363, 'loss': 0.17861702, 'lr': nan, 'params': 492786, 'time_iter': 0.30739, 'accuracy': 0.16463, 'ap': 0.67139, 'auc': 0.92272, 'trivial_loss': 0.7515561748075034}
val: {'epoch': 92, 'time_epoch': 12.08287, 'loss': 0.22175799, 'lr': 0, 'params': 492786, 'time_iter': 0.16552, 'accuracy': 0.16482, 'ap': 0.59649, 'auc': 0.8843}
test: {'epoch': 92, 'time_epoch': 12.10815, 'loss': 0.23210146, 'lr': 0, 'params': 492786, 'time_iter': 0.16587, 'accuracy': 0.16465, 'ap': 0.5539, 'auc': 0.87895}
> Epoch 92: took 128.8s (avg 129.1s) | Best so far: epoch 89	train_loss: 0.1812 train_ap: 0.6649	val_loss: 0.2098 val_ap: 0.6138	test_loss: 0.2224 test_ap: 0.5823
train: {'epoch': 93, 'time_epoch': 104.49787, 'eta': 628.31862, 'eta_hours': 0.17453, 'loss': 0.18198545, 'lr': nan, 'params': 492786, 'time_iter': 0.30735, 'accuracy': 0.16463, 'ap': 0.66542, 'auc': 0.91893, 'trivial_loss': 0.7515530693194448}
val: {'epoch': 93, 'time_epoch': 12.05386, 'loss': 0.21247675, 'lr': 0, 'params': 492786, 'time_iter': 0.16512, 'accuracy': 0.16482, 'ap': 0.61209, 'auc': 0.89463}
test: {'epoch': 93, 'time_epoch': 12.12063, 'loss': 0.225298, 'lr': 0, 'params': 492786, 'time_iter': 0.16604, 'accuracy': 0.16465, 'ap': 0.57506, 'auc': 0.88729}
> Epoch 93: took 128.8s (avg 129.1s) | Best so far: epoch 89	train_loss: 0.1812 train_ap: 0.6649	val_loss: 0.2098 val_ap: 0.6138	test_loss: 0.2224 test_ap: 0.5823
train: {'epoch': 94, 'time_epoch': 104.48675, 'eta': 523.58658, 'eta_hours': 0.14544, 'loss': 0.17875492, 'lr': nan, 'params': 492786, 'time_iter': 0.30731, 'accuracy': 0.16463, 'ap': 0.67406, 'auc': 0.92269, 'trivial_loss': 0.7515422827699942}
val: {'epoch': 94, 'time_epoch': 12.04346, 'loss': 0.22950194, 'lr': 0, 'params': 492786, 'time_iter': 0.16498, 'accuracy': 0.16482, 'ap': 0.57075, 'auc': 0.87954}
test: {'epoch': 94, 'time_epoch': 12.08346, 'loss': 0.24207983, 'lr': 0, 'params': 492786, 'time_iter': 0.16553, 'accuracy': 0.16465, 'ap': 0.54092, 'auc': 0.86961}
> Epoch 94: took 128.7s (avg 129.1s) | Best so far: epoch 89	train_loss: 0.1812 train_ap: 0.6649	val_loss: 0.2098 val_ap: 0.6138	test_loss: 0.2224 test_ap: 0.5823
train: {'epoch': 95, 'time_epoch': 104.41815, 'eta': 418.8568, 'eta_hours': 0.11635, 'loss': 0.17737935, 'lr': nan, 'params': 492786, 'time_iter': 0.30711, 'accuracy': 0.16463, 'ap': 0.67711, 'auc': 0.92274, 'trivial_loss': 0.7515405845830667}
val: {'epoch': 95, 'time_epoch': 12.05467, 'loss': 0.21410976, 'lr': 0, 'params': 492786, 'time_iter': 0.16513, 'accuracy': 0.16482, 'ap': 0.60938, 'auc': 0.89495}
test: {'epoch': 95, 'time_epoch': 12.12728, 'loss': 0.23006172, 'lr': 0, 'params': 492786, 'time_iter': 0.16613, 'accuracy': 0.16465, 'ap': 0.57666, 'auc': 0.88397}
> Epoch 95: took 128.7s (avg 129.1s) | Best so far: epoch 89	train_loss: 0.1812 train_ap: 0.6649	val_loss: 0.2098 val_ap: 0.6138	test_loss: 0.2224 test_ap: 0.5823
train: {'epoch': 96, 'time_epoch': 104.48221, 'eta': 314.13543, 'eta_hours': 0.08726, 'loss': 0.17744547, 'lr': nan, 'params': 492786, 'time_iter': 0.3073, 'accuracy': 0.16463, 'ap': 0.6746, 'auc': 0.92288, 'trivial_loss': 0.7515547045961448}
val: {'epoch': 96, 'time_epoch': 12.05905, 'loss': 0.21565863, 'lr': 0, 'params': 492786, 'time_iter': 0.16519, 'accuracy': 0.16482, 'ap': 0.61556, 'auc': 0.89154}
test: {'epoch': 96, 'time_epoch': 12.13719, 'loss': 0.22926749, 'lr': 0, 'params': 492786, 'time_iter': 0.16626, 'accuracy': 0.16465, 'ap': 0.57528, 'auc': 0.88112}
> Epoch 96: took 128.8s (avg 129.1s) | Best so far: epoch 96	train_loss: 0.1774 train_ap: 0.6746	val_loss: 0.2157 val_ap: 0.6156	test_loss: 0.2293 test_ap: 0.5753
train: {'epoch': 97, 'time_epoch': 104.39518, 'eta': 209.41716, 'eta_hours': 0.05817, 'loss': 0.17637816, 'lr': nan, 'params': 492786, 'time_iter': 0.30704, 'accuracy': 0.16463, 'ap': 0.67622, 'auc': 0.92311, 'trivial_loss': 0.7515559461083241}
val: {'epoch': 97, 'time_epoch': 12.09222, 'loss': 0.2163367, 'lr': 0, 'params': 492786, 'time_iter': 0.16565, 'accuracy': 0.16482, 'ap': 0.61008, 'auc': 0.89262}
test: {'epoch': 97, 'time_epoch': 12.09367, 'loss': 0.23415025, 'lr': 0, 'params': 492786, 'time_iter': 0.16567, 'accuracy': 0.16465, 'ap': 0.57343, 'auc': 0.87729}
> Epoch 97: took 128.7s (avg 129.1s) | Best so far: epoch 96	train_loss: 0.1774 train_ap: 0.6746	val_loss: 0.2157 val_ap: 0.6156	test_loss: 0.2293 test_ap: 0.5753
train: {'epoch': 98, 'time_epoch': 104.43126, 'eta': 104.70578, 'eta_hours': 0.02908, 'loss': 0.17654402, 'lr': nan, 'params': 492786, 'time_iter': 0.30715, 'accuracy': 0.16463, 'ap': 0.67654, 'auc': 0.92384, 'trivial_loss': 0.751564601296983}
val: {'epoch': 98, 'time_epoch': 12.08369, 'loss': 0.23930043, 'lr': 0, 'params': 492786, 'time_iter': 0.16553, 'accuracy': 0.16482, 'ap': 0.55809, 'auc': 0.87216}
test: {'epoch': 98, 'time_epoch': 12.10663, 'loss': 0.24949503, 'lr': 0, 'params': 492786, 'time_iter': 0.16584, 'accuracy': 0.16465, 'ap': 0.528, 'auc': 0.8621}
> Epoch 98: took 128.7s (avg 129.1s) | Best so far: epoch 96	train_loss: 0.1774 train_ap: 0.6746	val_loss: 0.2157 val_ap: 0.6156	test_loss: 0.2293 test_ap: 0.5753
train: {'epoch': 99, 'time_epoch': 104.42737, 'eta': 0.0, 'eta_hours': 0.0, 'loss': 0.1770859, 'lr': nan, 'params': 492786, 'time_iter': 0.30714, 'accuracy': 0.16463, 'ap': 0.67511, 'auc': 0.92327, 'trivial_loss': 0.7515509549744552}
val: {'epoch': 99, 'time_epoch': 12.0301, 'loss': 0.21949079, 'lr': 0, 'params': 492786, 'time_iter': 0.1648, 'accuracy': 0.16482, 'ap': 0.59773, 'auc': 0.885}
test: {'epoch': 99, 'time_epoch': 12.09727, 'loss': 0.22867021, 'lr': 0, 'params': 492786, 'time_iter': 0.16572, 'accuracy': 0.16465, 'ap': 0.57505, 'auc': 0.88047}
> Epoch 99: took 128.7s (avg 129.1s) | Best so far: epoch 96	train_loss: 0.1774 train_ap: 0.6746	val_loss: 0.2157 val_ap: 0.6156	test_loss: 0.2293 test_ap: 0.5753
Avg time per epoch: 129.08s
Total train loop time: 3.59h
Task done, results saved in results/peptides-func-SAN/0
[*] All done: 2024-06-16 15:11:43.667204
